#
# A fatal error has been detected by the Java Runtime Environment:
#
#  EXCEPTION_ACCESS_VIOLATION (0xc0000005) at pc=0x000000006ee76520, pid=11916, tid=0x000000000000341c
#
# JRE version: Java(TM) SE Runtime Environment (8.0_151-b12) (build 1.8.0_151-b12)
# Java VM: Java HotSpot(TM) 64-Bit Server VM (25.151-b12 mixed mode windows-amd64 compressed oops)
# Problematic frame:
# C  [xuggle506811224660991452.dll+0x736520]
#
# Failed to write core dump. Minidumps are not enabled by default on client versions of Windows
#
# If you would like to submit a bug report, please visit:
#   http://bugreport.java.com/bugreport/crash.jsp
# The crash happened outside the Java Virtual Machine in native code.
# See problematic frame for where to report the bug.
#

---------------  T H R E A D  ---------------

Current thread (0x000000001cc51800):  JavaThread "AWT-EventQueue-0" [_thread_in_native, id=13340, stack(0x000000001dcb0000,0x000000001ddb0000)]

siginfo: ExceptionCode=0xc0000005, reading address 0xffffffffffffffff

Registers:
RAX=0x0000000023ed9e70, RBX=0x0000000023f46560, RCX=0x0000000023ed9e70, RDX=0x0000000000000009
RSP=0x000000001ddab610, RBP=0x0000000023ed95b0, RSI=0x0000000023edae70, RDI=0x0000000000000004
R8 =0x000000006ee77580, R9 =0x000000006ee76490, R10=0x000000001e54d730, R11=0x000000001e5606a0
R12=0x000000001e560ea0, R13=0x0000000000000004, R14=0x0000000000000184, R15=0x000000006fab8f20
RIP=0x000000006ee76520, EFLAGS=0x0000000000010202

Top of Stack: (sp=0x000000001ddab610)
0x000000001ddab610:   000000006ee76665 000000006ee774c5
0x000000001ddab620:   000000006ee77505 000000006ee77545
0x000000001ddab630:   000000006ee77585 000000006ee79426
0x000000001ddab640:   000000006fa67a80 0000000023ed9e70
0x000000001ddab650:   0000000023f48a20 000000000319b7d8
0x000000001ddab660:   3fe0000000000000 0000000000000000
0x000000001ddab670:   40c7760000000000 0000000000000000
0x000000001ddab680:   3fe0000000000000 0000000000000001
0x000000001ddab690:   0000000023f49a20 000000006ea45d24
0x000000001ddab6a0:   3f40624dd2f1a9fc 0000000000000000
0x000000001ddab6b0:   0000000000000000 0000000000000000
0x000000001ddab6c0:   0000000000000000 0000000000000000
0x000000001ddab6d0:   0000000023f52920 000000006fab7320
0x000000001ddab6e0:   00000000031a0835 0000000023f464c0
0x000000001ddab6f0:   0000000000000001 0000000023ed95b0
0x000000001ddab700:   0000000023ed9630 0000000000000000 

Instructions: (pc=0x000000006ee76520)
0x000000006ee76500:   c4 e3 5d 0c c0 55 c5 e4 5c c8 c5 e4 58 c0 c5 fc
0x000000006ee76510:   29 01 c5 fc 29 49 20 c3 0f 1f 84 00 00 00 00 00
0x000000006ee76520:   c5 fc 28 51 40 c5 fc 28 59 60 c5 ec 5c fb c5 ec
0x000000006ee76530:   58 d3 c5 c4 57 3d 26 41 84 00 c5 ec c6 df be c5 


Register to memory mapping:

RAX=0x0000000023ed9e70 is an unknown value
RBX=0x0000000023f46560 is an unknown value
RCX=0x0000000023ed9e70 is an unknown value
RDX=0x0000000000000009 is an unknown value
RSP=0x000000001ddab610 is pointing into the stack for thread: 0x000000001cc51800
RBP=0x0000000023ed95b0 is an unknown value
RSI=0x0000000023edae70 is an unknown value
RDI=0x0000000000000004 is an unknown value
R8 =0x000000006ee77580 is an unknown value
R9 =0x000000006ee76490 is an unknown value
R10=0x000000001e54d730 is an unknown value
R11=0x000000001e5606a0 is an unknown value
R12=0x000000001e560ea0 is an unknown value
R13=0x0000000000000004 is an unknown value
R14=0x0000000000000184 is an unknown value
R15=0x000000006fab8f20 is an unknown value


Stack: [0x000000001dcb0000,0x000000001ddb0000],  sp=0x000000001ddab610,  free space=1005k
Native frames: (J=compiled Java code, j=interpreted, Vv=VM code, C=native code)
C  [xuggle506811224660991452.dll+0x736520]

Java frames: (J=compiled Java code, j=interpreted, Vv=VM code)
j  com.xuggle.xuggler.XugglerJNI.IContainer_open__SWIG_0(JLcom/xuggle/xuggler/IContainer;Ljava/lang/String;IJLcom/xuggle/xuggler/IContainerFormat;)I+0
j  com.xuggle.xuggler.IContainer.open(Ljava/lang/String;Lcom/xuggle/xuggler/IContainer$Type;Lcom/xuggle/xuggler/IContainerFormat;)I+15
j  com.arkivit.model.FileDuration.CheckFileDuration(Ljava/lang/String;)V+13
j  com.arkivit.model.MetadataToExcelGUI.testFunc()V+148
j  com.arkivit.model.MetadataToExcelGUI.testMeth()V+27
j  com.arkivit.controller.ExcelController.createButton(Ljava/awt/event/ActionEvent;)V+33
j  com.arkivit.controller.ExcelController$4.actionPerformed(Ljava/awt/event/ActionEvent;)V+5
j  javax.swing.AbstractButton.fireActionPerformed(Ljava/awt/event/ActionEvent;)V+83
j  javax.swing.AbstractButton$Handler.actionPerformed(Ljava/awt/event/ActionEvent;)V+5
j  javax.swing.DefaultButtonModel.fireActionPerformed(Ljava/awt/event/ActionEvent;)V+34
j  javax.swing.DefaultButtonModel.setPressed(Z)V+117
j  javax.swing.plaf.basic.BasicButtonListener.mouseReleased(Ljava/awt/event/MouseEvent;)V+35
j  java.awt.Component.processMouseEvent(Ljava/awt/event/MouseEvent;)V+64
j  javax.swing.JComponent.processMouseEvent(Ljava/awt/event/MouseEvent;)V+23
J 1182 C1 java.awt.Component.processEvent(Ljava/awt/AWTEvent;)V (220 bytes) @ 0x0000000005171504 [0x0000000005170fe0+0x524]
J 1181 C1 java.awt.Container.processEvent(Ljava/awt/AWTEvent;)V (22 bytes) @ 0x0000000005170b4c [0x0000000005170820+0x32c]
J 1142 C1 java.awt.Component.dispatchEventImpl(Ljava/awt/AWTEvent;)V (883 bytes) @ 0x0000000005143c9c [0x000000000513e7c0+0x54dc]
J 983 C1 java.awt.Container.dispatchEventImpl(Ljava/awt/AWTEvent;)V (129 bytes) @ 0x00000000050b4904 [0x00000000050b47c0+0x144]
J 1278 C1 java.awt.LightweightDispatcher.retargetMouseEvent(Ljava/awt/Component;ILjava/awt/event/MouseEvent;)V (350 bytes) @ 0x00000000051cf32c [0x00000000051ccdc0+0x256c]
J 1149 C1 java.awt.LightweightDispatcher.processMouseEvent(Ljava/awt/event/MouseEvent;)Z (286 bytes) @ 0x0000000005150f2c [0x000000000514f800+0x172c]
J 1161 C1 java.awt.LightweightDispatcher.dispatchEvent(Ljava/awt/AWTEvent;)Z (73 bytes) @ 0x0000000005158fbc [0x0000000005158b80+0x43c]
J 983 C1 java.awt.Container.dispatchEventImpl(Ljava/awt/AWTEvent;)V (129 bytes) @ 0x00000000050b48a4 [0x00000000050b47c0+0xe4]
J 1051 C1 java.awt.Window.dispatchEventImpl(Ljava/awt/AWTEvent;)V (23 bytes) @ 0x00000000050fb924 [0x00000000050fb340+0x5e4]
J 968 C1 java.awt.EventQueue.dispatchEventImpl(Ljava/awt/AWTEvent;Ljava/lang/Object;)V (149 bytes) @ 0x00000000050ab7bc [0x00000000050a9f80+0x183c]
J 966 C1 java.awt.EventQueue$3.run()Ljava/lang/Void; (60 bytes) @ 0x00000000050a824c [0x00000000050a8040+0x20c]
J 965 C1 java.awt.EventQueue$3.run()Ljava/lang/Object; (5 bytes) @ 0x00000000050a7ccc [0x00000000050a7c40+0x8c]
v  ~StubRoutines::call_stub
J 706  java.security.AccessController.doPrivileged(Ljava/security/PrivilegedAction;Ljava/security/AccessControlContext;)Ljava/lang/Object; (0 bytes) @ 0x000000000500c626 [0x000000000500c5c0+0x66]
J 1005 C1 java.awt.EventQueue$4.run()Ljava/lang/Object; (5 bytes) @ 0x00000000050c1dec [0x00000000050c19c0+0x42c]
v  ~StubRoutines::call_stub
J 706  java.security.AccessController.doPrivileged(Ljava/security/PrivilegedAction;Ljava/security/AccessControlContext;)Ljava/lang/Object; (0 bytes) @ 0x000000000500c626 [0x000000000500c5c0+0x66]
J 823 C1 java.awt.EventQueue.dispatchEvent(Ljava/awt/AWTEvent;)V (80 bytes) @ 0x000000000504fc7c [0x000000000504ee00+0xe7c]
J 825 C1 java.awt.EventDispatchThread.pumpOneEventForFilters(I)V (295 bytes) @ 0x0000000005052e24 [0x00000000050512c0+0x1b64]
j  java.awt.EventDispatchThread.pumpEventsForFilter(ILjava/awt/Conditional;Ljava/awt/EventFilter;)V+35
j  java.awt.EventDispatchThread.pumpEventsForHierarchy(ILjava/awt/Conditional;Ljava/awt/Component;)V+11
j  java.awt.EventDispatchThread.pumpEvents(ILjava/awt/Conditional;)V+4
j  java.awt.EventDispatchThread.pumpEvents(Ljava/awt/Conditional;)V+3
j  java.awt.EventDispatchThread.run()V+9
v  ~StubRoutines::call_stub

---------------  P R O C E S S  ---------------

Java Threads: ( => current thread )
  0x000000001cd7d000 JavaThread "TimerQueue" daemon [_thread_blocked, id=1432, stack(0x000000001ff60000,0x0000000020060000)]
  0x0000000004b3e000 JavaThread "DestroyJavaVM" [_thread_blocked, id=12392, stack(0x0000000004b80000,0x0000000004c80000)]
  0x000000001cc60000 JavaThread "Swing-Shell" daemon [_thread_blocked, id=10956, stack(0x000000001e0e0000,0x000000001e1e0000)]
=>0x000000001cc51800 JavaThread "AWT-EventQueue-0" [_thread_in_native, id=13340, stack(0x000000001dcb0000,0x000000001ddb0000)]
  0x000000001cbd3800 JavaThread "AWT-Windows" daemon [_thread_in_native, id=736, stack(0x000000001d5a0000,0x000000001d6a0000)]
  0x000000001cb72800 JavaThread "AWT-Shutdown" [_thread_blocked, id=8900, stack(0x000000001d4a0000,0x000000001d5a0000)]
  0x000000001cb71800 JavaThread "Java2D Disposer" daemon [_thread_blocked, id=8140, stack(0x000000001d3a0000,0x000000001d4a0000)]
  0x000000001bce3800 JavaThread "Service Thread" daemon [_thread_blocked, id=11952, stack(0x000000001c810000,0x000000001c910000)]
  0x000000001bc52800 JavaThread "C1 CompilerThread3" daemon [_thread_blocked, id=1356, stack(0x000000001c710000,0x000000001c810000)]
  0x000000001bc4f800 JavaThread "C2 CompilerThread2" daemon [_thread_blocked, id=5352, stack(0x000000001c610000,0x000000001c710000)]
  0x000000001bc4c800 JavaThread "C2 CompilerThread1" daemon [_thread_blocked, id=12688, stack(0x000000001c510000,0x000000001c610000)]
  0x000000001bc4a000 JavaThread "C2 CompilerThread0" daemon [_thread_blocked, id=12824, stack(0x000000001c410000,0x000000001c510000)]
  0x000000001bc49000 JavaThread "Attach Listener" daemon [_thread_blocked, id=9836, stack(0x000000001c310000,0x000000001c410000)]
  0x000000001bc48000 JavaThread "Signal Dispatcher" daemon [_thread_blocked, id=10840, stack(0x000000001c210000,0x000000001c310000)]
  0x000000001bc40800 JavaThread "Finalizer" daemon [_thread_blocked, id=6240, stack(0x000000001c020000,0x000000001c120000)]
  0x0000000019d2d000 JavaThread "Reference Handler" daemon [_thread_blocked, id=10308, stack(0x000000001bb20000,0x000000001bc20000)]

Other Threads:
  0x0000000019d29800 VMThread [stack: 0x000000001ba20000,0x000000001bb20000] [id=11812]
  0x000000001bd0e800 WatcherThread [stack: 0x000000001c910000,0x000000001ca10000] [id=12576]

VM state:not at safepoint (normal execution)

VM Mutex/Monitor currently owned by a thread: None

Heap:
 PSYoungGen      total 38400K, used 18551K [0x00000000d5f00000, 0x00000000d8980000, 0x0000000100000000)
  eden space 33280K, 40% used [0x00000000d5f00000,0x00000000d6c20028,0x00000000d7f80000)
  from space 5120K, 99% used [0x00000000d7f80000,0x00000000d847de60,0x00000000d8480000)
  to   space 5120K, 0% used [0x00000000d8480000,0x00000000d8480000,0x00000000d8980000)
 ParOldGen       total 87552K, used 3921K [0x0000000081c00000, 0x0000000087180000, 0x00000000d5f00000)
  object space 87552K, 4% used [0x0000000081c00000,0x0000000081fd4590,0x0000000087180000)
 Metaspace       used 15936K, capacity 16158K, committed 16512K, reserved 1062912K
  class space    used 1976K, capacity 2067K, committed 2176K, reserved 1048576K

Card table byte_map: [0x0000000014140000,0x0000000014540000] byte_map_base: 0x0000000013d32000

Marking Bits: (ParMarkBitMap*) 0x00000000727ad850
 Begin Bits: [0x0000000014ff0000, 0x0000000016f80000)
 End Bits:   [0x0000000016f80000, 0x0000000018f10000)

Polling page: 0x0000000002df0000

CodeCache: size=245760Kb used=7790Kb max_used=7803Kb free=237969Kb
 bounds [0x0000000004d80000, 0x0000000005530000, 0x0000000013d80000]
 total_blobs=2662 nmethods=2101 adapters=472
 compilation: enabled

Compilation events (10 events):
Event: 94.173 Thread 0x000000001bc52800 nmethod 2315 0x0000000005515010 code [0x0000000005515b40, 0x000000000551f668]
Event: 94.173 Thread 0x000000001bc52800 2316       3       java.net.URL::<init> (8 bytes)
Event: 94.173 Thread 0x000000001bc52800 nmethod 2316 0x000000000550af50 code [0x000000000550b0c0, 0x000000000550b248]
Event: 94.173 Thread 0x000000001bc52800 2317   !   3       java.net.URL::set (114 bytes)
Event: 94.174 Thread 0x000000001bc52800 nmethod 2317 0x0000000005510710 code [0x0000000005510900, 0x0000000005511438]
Event: 94.174 Thread 0x000000001bc52800 2319   !   3       java.lang.ref.Finalizer::add (41 bytes)
Event: 94.174 Thread 0x000000001bc52800 nmethod 2319 0x00000000055100d0 code [0x0000000005510240, 0x00000000055105f0]
Event: 94.179 Thread 0x000000001bc4c800 nmethod 2318 0x0000000005525a50 code [0x0000000005525be0, 0x00000000055264f8]
Event: 94.311 Thread 0x000000001bc52800 2320       3       java.nio.Bits::byteOrder (20 bytes)
Event: 94.311 Thread 0x000000001bc52800 nmethod 2320 0x000000000550fdd0 code [0x000000000550ff20, 0x0000000005510070]

GC Heap History (2 events):
Event: 52.942 GC heap before
{Heap before GC invocations=1 (full 0):
 PSYoungGen      total 38400K, used 33280K [0x00000000d5f00000, 0x00000000d8980000, 0x0000000100000000)
  eden space 33280K, 100% used [0x00000000d5f00000,0x00000000d7f80000,0x00000000d7f80000)
  from space 5120K, 0% used [0x00000000d8480000,0x00000000d8480000,0x00000000d8980000)
  to   space 5120K, 0% used [0x00000000d7f80000,0x00000000d7f80000,0x00000000d8480000)
 ParOldGen       total 87552K, used 0K [0x0000000081c00000, 0x0000000087180000, 0x00000000d5f00000)
  object space 87552K, 0% used [0x0000000081c00000,0x0000000081c00000,0x0000000087180000)
 Metaspace       used 13568K, capacity 13790K, committed 14208K, reserved 1060864K
  class space    used 1731K, capacity 1811K, committed 1920K, reserved 1048576K
Event: 52.946 GC heap after
Heap after GC invocations=1 (full 0):
 PSYoungGen      total 38400K, used 5111K [0x00000000d5f00000, 0x00000000d8980000, 0x0000000100000000)
  eden space 33280K, 0% used [0x00000000d5f00000,0x00000000d5f00000,0x00000000d7f80000)
  from space 5120K, 99% used [0x00000000d7f80000,0x00000000d847de60,0x00000000d8480000)
  to   space 5120K, 0% used [0x00000000d8480000,0x00000000d8480000,0x00000000d8980000)
 ParOldGen       total 87552K, used 3921K [0x0000000081c00000, 0x0000000087180000, 0x00000000d5f00000)
  object space 87552K, 4% used [0x0000000081c00000,0x0000000081fd4590,0x0000000087180000)
 Metaspace       used 13568K, capacity 13790K, committed 14208K, reserved 1060864K
  class space    used 1731K, capacity 1811K, committed 1920K, reserved 1048576K
}

Deoptimization events (10 events):
Event: 93.715 Thread 0x000000001cc51800 Uncommon trap: reason=bimorphic action=maybe_recompile pc=0x000000000543a12c method=java.util.HashMap.putVal(ILjava/lang/Object;Ljava/lang/Object;ZZ)Ljava/lang/Object; @ 91
Event: 93.715 Thread 0x000000001cc51800 Uncommon trap: reason=bimorphic action=maybe_recompile pc=0x000000000543a12c method=java.util.HashMap.putVal(ILjava/lang/Object;Ljava/lang/Object;ZZ)Ljava/lang/Object; @ 91
Event: 93.715 Thread 0x000000001cc51800 Uncommon trap: reason=bimorphic action=maybe_recompile pc=0x000000000543a12c method=java.util.HashMap.putVal(ILjava/lang/Object;Ljava/lang/Object;ZZ)Ljava/lang/Object; @ 91
Event: 93.745 Thread 0x000000001cc51800 Uncommon trap: reason=class_check action=maybe_recompile pc=0x000000000519a9ec method=java.util.HashMap.putVal(ILjava/lang/Object;Ljava/lang/Object;ZZ)Ljava/lang/Object; @ 253
Event: 93.745 Thread 0x000000001cc51800 Uncommon trap: reason=class_check action=maybe_recompile pc=0x000000000519a9ec method=java.util.HashMap.putVal(ILjava/lang/Object;Ljava/lang/Object;ZZ)Ljava/lang/Object; @ 253
Event: 93.745 Thread 0x000000001cc51800 Uncommon trap: reason=class_check action=maybe_recompile pc=0x000000000519a9ec method=java.util.HashMap.putVal(ILjava/lang/Object;Ljava/lang/Object;ZZ)Ljava/lang/Object; @ 253
Event: 93.745 Thread 0x000000001cc51800 Uncommon trap: reason=class_check action=maybe_recompile pc=0x000000000519a9ec method=java.util.HashMap.putVal(ILjava/lang/Object;Ljava/lang/Object;ZZ)Ljava/lang/Object; @ 253
Event: 93.751 Thread 0x000000001cc51800 Uncommon trap: reason=predicate action=maybe_recompile pc=0x00000000052dcc58 method=java.lang.String.regionMatches(ZILjava/lang/String;II)Z @ 63
Event: 93.992 Thread 0x000000001cc51800 Uncommon trap: reason=unstable_if action=reinterpret pc=0x0000000005514020 method=java.util.zip.InflaterInputStream.read([BII)I @ 69
Event: 94.286 Thread 0x000000001cc51800 Uncommon trap: reason=unstable_if action=reinterpret pc=0x0000000005322928 method=java.security.AccessControlContext.optimize()Ljava/security/AccessControlContext; @ 220

Internal exceptions (10 events):
Event: 58.763 Thread 0x000000001cc51800 Implicit null exception at 0x0000000005341788 to 0x0000000005341bf1
Event: 60.197 Thread 0x000000001cc51800 Implicit null exception at 0x0000000004fb376a to 0x0000000004fb3825
Event: 93.651 Thread 0x000000001cc51800 Exception <a 'java/security/PrivilegedActionException'> (0x00000000d685b2f0) thrown at [C:\re\workspace\8-2-build-windows-amd64-cygwin\jdk8u151\9699\hotspot\src\share\vm\prims\jvm.cpp, line 1390]
Event: 93.651 Thread 0x000000001cc51800 Exception <a 'java/security/PrivilegedActionException'> (0x00000000d685b6e8) thrown at [C:\re\workspace\8-2-build-windows-amd64-cygwin\jdk8u151\9699\hotspot\src\share\vm\prims\jvm.cpp, line 1390]
Event: 93.651 Thread 0x000000001cc51800 Exception <a 'java/security/PrivilegedActionException'> (0x00000000d685cbc0) thrown at [C:\re\workspace\8-2-build-windows-amd64-cygwin\jdk8u151\9699\hotspot\src\share\vm\prims\jvm.cpp, line 1390]
Event: 93.651 Thread 0x000000001cc51800 Exception <a 'java/security/PrivilegedActionException'> (0x00000000d685cfb8) thrown at [C:\re\workspace\8-2-build-windows-amd64-cygwin\jdk8u151\9699\hotspot\src\share\vm\prims\jvm.cpp, line 1390]
Event: 93.651 Thread 0x000000001cc51800 Exception <a 'java/security/PrivilegedActionException'> (0x00000000d685e450) thrown at [C:\re\workspace\8-2-build-windows-amd64-cygwin\jdk8u151\9699\hotspot\src\share\vm\prims\jvm.cpp, line 1390]
Event: 93.651 Thread 0x000000001cc51800 Exception <a 'java/security/PrivilegedActionException'> (0x00000000d685e848) thrown at [C:\re\workspace\8-2-build-windows-amd64-cygwin\jdk8u151\9699\hotspot\src\share\vm\prims\jvm.cpp, line 1390]
Event: 93.651 Thread 0x000000001cc51800 Exception <a 'java/security/PrivilegedActionException'> (0x00000000d685fc70) thrown at [C:\re\workspace\8-2-build-windows-amd64-cygwin\jdk8u151\9699\hotspot\src\share\vm\prims\jvm.cpp, line 1390]
Event: 93.651 Thread 0x000000001cc51800 Exception <a 'java/security/PrivilegedActionException'> (0x00000000d6860068) thrown at [C:\re\workspace\8-2-build-windows-amd64-cygwin\jdk8u151\9699\hotspot\src\share\vm\prims\jvm.cpp, line 1390]

Events (10 events):
Event: 94.173 loading class com/xuggle/xuggler/IContainer$Type done
Event: 94.174 loading class com/xuggle/xuggler/IContainer$Type$SwigNext
Event: 94.174 loading class com/xuggle/xuggler/IContainer$Type$SwigNext done
Event: 94.174 loading class com/xuggle/xuggler/IContainerFormat
Event: 94.174 loading class com/xuggle/xuggler/IContainerFormat done
Event: 94.286 Thread 0x000000001cc51800 Uncommon trap: trap_request=0xffffff65 fr.pc=0x0000000005322928
Event: 94.286 Thread 0x000000001cc51800 DEOPT PACKING pc=0x0000000005322928 sp=0x000000001ddab130
Event: 94.286 Thread 0x000000001cc51800 DEOPT UNPACKING pc=0x0000000004dc582a sp=0x000000001ddab038 mode 2
Event: 94.295 loading class java/util/regex/Pattern$SliceS
Event: 94.295 loading class java/util/regex/Pattern$SliceS done


Dynamic libraries:
0x00007ff6354b0000 - 0x00007ff6354e7000 	C:\Program Files\Java\jdk1.8.0_151\bin\javaw.exe
0x00007ffd33430000 - 0x00007ffd33610000 	C:\WINDOWS\SYSTEM32\ntdll.dll
0x00007ffd32000000 - 0x00007ffd320ae000 	C:\WINDOWS\System32\KERNEL32.DLL
0x00007ffd2fa20000 - 0x00007ffd2fc86000 	C:\WINDOWS\System32\KERNELBASE.dll
0x00007ffd32120000 - 0x00007ffd321c1000 	C:\WINDOWS\System32\ADVAPI32.dll
0x00007ffd321d0000 - 0x00007ffd3226d000 	C:\WINDOWS\System32\msvcrt.dll
0x00007ffd326e0000 - 0x00007ffd3273b000 	C:\WINDOWS\System32\sechost.dll
0x00007ffd32cf0000 - 0x00007ffd32e0f000 	C:\WINDOWS\System32\RPCRT4.dll
0x00007ffd32820000 - 0x00007ffd329af000 	C:\WINDOWS\System32\USER32.dll
0x00007ffd2f830000 - 0x00007ffd2f850000 	C:\WINDOWS\System32\win32u.dll
0x00007ffd32280000 - 0x00007ffd322a8000 	C:\WINDOWS\System32\GDI32.dll
0x00007ffd2fd30000 - 0x00007ffd2fec3000 	C:\WINDOWS\System32\gdi32full.dll
0x00007ffd2fc90000 - 0x00007ffd2fd2b000 	C:\WINDOWS\System32\msvcp_win.dll
0x00007ffd2ff80000 - 0x00007ffd30076000 	C:\WINDOWS\System32\ucrtbase.dll
0x00007ffd26160000 - 0x00007ffd263c9000 	C:\WINDOWS\WinSxS\amd64_microsoft.windows.common-controls_6595b64144ccf1df_6.0.16299.192_none_15c8cdae9364c23b\COMCTL32.dll
0x00007ffd329b0000 - 0x00007ffd32cb8000 	C:\WINDOWS\System32\combase.dll
0x00007ffd30880000 - 0x00007ffd308f2000 	C:\WINDOWS\System32\bcryptPrimitives.dll
0x00007ffd32cc0000 - 0x00007ffd32ced000 	C:\WINDOWS\System32\IMM32.DLL
0x0000000072d30000 - 0x0000000072e02000 	C:\Program Files\Java\jdk1.8.0_151\jre\bin\msvcr100.dll
0x0000000071f90000 - 0x000000007282d000 	C:\Program Files\Java\jdk1.8.0_151\jre\bin\server\jvm.dll
0x00007ffd31e50000 - 0x00007ffd31e58000 	C:\WINDOWS\System32\PSAPI.DLL
0x00007ffd29900000 - 0x00007ffd2990a000 	C:\WINDOWS\SYSTEM32\VERSION.dll
0x00007ffd1ef20000 - 0x00007ffd1ef29000 	C:\WINDOWS\SYSTEM32\WSOCK32.dll
0x00007ffd28f00000 - 0x00007ffd28f23000 	C:\WINDOWS\SYSTEM32\WINMM.dll
0x00007ffd320b0000 - 0x00007ffd3211c000 	C:\WINDOWS\System32\WS2_32.dll
0x00007ffd28ea0000 - 0x00007ffd28eca000 	C:\WINDOWS\SYSTEM32\winmmbase.dll
0x00007ffd30080000 - 0x00007ffd300ca000 	C:\WINDOWS\System32\cfgmgr32.dll
0x0000000072f10000 - 0x0000000072f1f000 	C:\Program Files\Java\jdk1.8.0_151\jre\bin\verify.dll
0x0000000072ee0000 - 0x0000000072f09000 	C:\Program Files\Java\jdk1.8.0_151\jre\bin\java.dll
0x0000000072ec0000 - 0x0000000072ed6000 	C:\Program Files\Java\jdk1.8.0_151\jre\bin\zip.dll
0x00007ffd30900000 - 0x00007ffd31d36000 	C:\WINDOWS\System32\SHELL32.dll
0x00007ffd33340000 - 0x00007ffd333e6000 	C:\WINDOWS\System32\shcore.dll
0x00007ffd30130000 - 0x00007ffd30877000 	C:\WINDOWS\System32\windows.storage.dll
0x00007ffd32e10000 - 0x00007ffd32e61000 	C:\WINDOWS\System32\shlwapi.dll
0x00007ffd2f7c0000 - 0x00007ffd2f7d1000 	C:\WINDOWS\System32\kernel.appcore.dll
0x00007ffd2f7e0000 - 0x00007ffd2f82c000 	C:\WINDOWS\System32\powrprof.dll
0x00007ffd2f780000 - 0x00007ffd2f79b000 	C:\WINDOWS\System32\profapi.dll
0x0000000072b90000 - 0x0000000072d28000 	C:\Program Files\Java\jdk1.8.0_151\jre\bin\awt.dll
0x00007ffd32570000 - 0x00007ffd32635000 	C:\WINDOWS\System32\OLEAUT32.dll
0x00007ffd2dc70000 - 0x00007ffd2dcf8000 	C:\WINDOWS\SYSTEM32\apphelp.dll
0x00007ffd2e030000 - 0x00007ffd2e05a000 	C:\WINDOWS\system32\DWMAPI.DLL
0x00007ffd2df60000 - 0x00007ffd2dff5000 	C:\WINDOWS\system32\uxtheme.dll
0x00007ffd22d10000 - 0x00007ffd22e2e000 	C:\WINDOWS\system32\opengl32.dll
0x00007ffd29a00000 - 0x00007ffd29a2c000 	C:\WINDOWS\SYSTEM32\GLU32.dll
0x00007ffd32400000 - 0x00007ffd32567000 	C:\WINDOWS\System32\MSCTF.dll
0x00007ffd11ac0000 - 0x00007ffd11b69000 	C:\Program Files\Common Files\microsoft shared\ink\tiptsf.dll
0x00007ffd322b0000 - 0x00007ffd323f9000 	C:\WINDOWS\System32\ole32.dll
0x00007ffd28af0000 - 0x00007ffd28b96000 	C:\WINDOWS\WinSxS\amd64_microsoft.windows.common-controls_6595b64144ccf1df_5.82.16299.192_none_887f70824ab5b0de\comctl32.dll
0x0000000072b40000 - 0x0000000072b87000 	C:\Program Files\Java\jdk1.8.0_151\jre\bin\fontmanager.dll
0x0000000072ea0000 - 0x0000000072eba000 	C:\Program Files\Java\jdk1.8.0_151\jre\bin\net.dll
0x00007ffd2efb0000 - 0x00007ffd2f016000 	C:\WINDOWS\system32\mswsock.dll
0x0000000072e80000 - 0x0000000072e91000 	C:\Program Files\Java\jdk1.8.0_151\jre\bin\nio.dll
0x0000000072af0000 - 0x0000000072b32000 	C:\Program Files\Java\jdk1.8.0_151\jre\bin\t2k.dll
0x00007ffd32640000 - 0x00007ffd326de000 	C:\WINDOWS\System32\clbcatq.dll
0x00007ffd2bad0000 - 0x00007ffd2bc81000 	C:\WINDOWS\SYSTEM32\PROPSYS.dll
0x00007ffd2c5c0000 - 0x00007ffd2c5d9000 	C:\WINDOWS\SYSTEM32\CLDAPI.dll
0x00007ffd25ad0000 - 0x00007ffd25ada000 	C:\WINDOWS\SYSTEM32\FLTLIB.DLL
0x00007ffd21aa0000 - 0x00007ffd21ae4000 	C:\WINDOWS\SYSTEM32\AEPIC.dll
0x00007ffd2f170000 - 0x00007ffd2f187000 	C:\WINDOWS\SYSTEM32\cryptsp.dll
0x00007ffd2e8c0000 - 0x00007ffd2e8f1000 	C:\WINDOWS\SYSTEM32\ntmarta.dll
0x00007ffd2f280000 - 0x00007ffd2f2a5000 	C:\WINDOWS\SYSTEM32\bcrypt.dll
0x00007ffd24cc0000 - 0x00007ffd252b4000 	C:\Windows\System32\OneCoreUAPCommonProxyStub.dll
0x00007ffd0c730000 - 0x00007ffd0c857000 	C:\WINDOWS\system32\NetworkExplorer.dll
0x00007ffd2c740000 - 0x00007ffd2c75b000 	C:\WINDOWS\SYSTEM32\MPR.dll
0x00007ffd2b500000 - 0x00007ffd2b50b000 	C:\WINDOWS\System32\drprov.dll
0x00007ffd2f3a0000 - 0x00007ffd2f3f5000 	C:\WINDOWS\System32\WINSTA.dll
0x00007ffd2a580000 - 0x00007ffd2a596000 	C:\WINDOWS\System32\ntlanman.dll
0x00007ffd1d1e0000 - 0x00007ffd1d1fc000 	C:\WINDOWS\System32\davclnt.dll
0x00007ffd22270000 - 0x00007ffd2227c000 	C:\WINDOWS\System32\DAVHLPR.dll
0x00007ffd2b050000 - 0x00007ffd2b067000 	C:\WINDOWS\System32\wkscli.dll
0x00007ffd21af0000 - 0x00007ffd21b02000 	C:\WINDOWS\SYSTEM32\cscapi.dll
0x00007ffd2ee40000 - 0x00007ffd2ee4e000 	C:\WINDOWS\System32\netutils.dll
0x00007ffd11450000 - 0x00007ffd1149a000 	C:\Windows\System32\dlnashext.dll
0x00007ffd1ac70000 - 0x00007ffd1acd3000 	C:\Windows\System32\PlayToDevice.dll
0x00007ffd12150000 - 0x00007ffd1216f000 	C:\Windows\System32\DevDispItemProvider.dll
0x00007ffd29e80000 - 0x00007ffd29eef000 	C:\WINDOWS\System32\MMDevApi.dll
0x00007ffd2f590000 - 0x00007ffd2f5b7000 	C:\WINDOWS\System32\DEVOBJ.dll
0x00007ffd09360000 - 0x00007ffd0953f000 	C:\WINDOWS\system32\wpdshext.dll
0x00007ffd2b230000 - 0x00007ffd2b3cc000 	C:\WINDOWS\WinSxS\amd64_microsoft.windows.gdiplus_6595b64144ccf1df_1.1.16299.192_none_46b3c093edf73c09\gdiplus.dll
0x00007ffd15060000 - 0x00007ffd15100000 	C:\Windows\System32\PortableDeviceApi.dll
0x00007ffd32ef0000 - 0x00007ffd3333e000 	C:\WINDOWS\System32\SETUPAPI.dll
0x00007ffd300d0000 - 0x00007ffd30128000 	C:\WINDOWS\System32\WINTRUST.dll
0x00007ffd2f7a0000 - 0x00007ffd2f7b2000 	C:\WINDOWS\System32\MSASN1.dll
0x00007ffd2f850000 - 0x00007ffd2fa1e000 	C:\WINDOWS\System32\CRYPT32.dll
0x00007ffd14b20000 - 0x00007ffd14b56000 	C:\Windows\System32\EhStorShell.dll
0x00007ffd19fc0000 - 0x00007ffd19fe5000 	C:\Windows\System32\EhStorAPI.dll
0x00007ffd2c100000 - 0x00007ffd2c113000 	C:\Windows\System32\WTSAPI32.dll
0x00007ffd2b150000 - 0x00007ffd2b160000 	C:\WINDOWS\SYSTEM32\LINKINFO.dll
0x00007ffd26b10000 - 0x00007ffd26cbb000 	C:\WINDOWS\SYSTEM32\WindowsCodecs.dll
0x00007ffd28f50000 - 0x00007ffd28f9f000 	C:\WINDOWS\system32\dataexchange.dll
0x00007ffd2d710000 - 0x00007ffd2d852000 	C:\WINDOWS\system32\dcomp.dll
0x00007ffd2cd80000 - 0x00007ffd2d061000 	C:\WINDOWS\system32\d3d11.dll
0x00007ffd2e5f0000 - 0x00007ffd2e69f000 	C:\WINDOWS\system32\dxgi.dll
0x00007ffd2e060000 - 0x00007ffd2e1db000 	C:\WINDOWS\system32\twinapi.appcore.dll
0x00007ffd2e2e0000 - 0x00007ffd2e300000 	C:\WINDOWS\system32\RMCLIENT.dll
0x00007ffd27210000 - 0x00007ffd272a8000 	C:\WINDOWS\System32\TextInputFramework.dll
0x00007ffd28030000 - 0x00007ffd2831e000 	C:\WINDOWS\System32\CoreUIComponents.dll
0x00007ffd2d630000 - 0x00007ffd2d70c000 	C:\WINDOWS\System32\CoreMessaging.dll
0x00007ffd2c5e0000 - 0x00007ffd2c716000 	C:\WINDOWS\SYSTEM32\wintypes.dll
0x00007ffd25710000 - 0x00007ffd25916000 	C:\Windows\System32\uiautomationcore.dll
0x00007ffd2f5e0000 - 0x00007ffd2f67a000 	C:\WINDOWS\SYSTEM32\sxs.dll
0x00007ffd2aae0000 - 0x00007ffd2ab4e000 	C:\Windows\System32\OLEACC.dll
0x00007ffd273b0000 - 0x00007ffd27431000 	C:\WINDOWS\SYSTEM32\twinapi.dll
0x00007ffd2ebc0000 - 0x00007ffd2ebf3000 	C:\WINDOWS\system32\rsaenh.dll
0x00007ffd2f6b0000 - 0x00007ffd2f6d9000 	C:\WINDOWS\SYSTEM32\USERENV.dll
0x00007ffd2f190000 - 0x00007ffd2f19b000 	C:\WINDOWS\SYSTEM32\CRYPTBASE.dll
0x00007ffd2ed40000 - 0x00007ffd2ed79000 	C:\WINDOWS\SYSTEM32\IPHLPAPI.DLL
0x00007ffd333f0000 - 0x00007ffd333f8000 	C:\WINDOWS\System32\NSI.dll
0x00007ffd2b070000 - 0x00007ffd2b086000 	C:\WINDOWS\SYSTEM32\dhcpcsvc6.DLL
0x00007ffd2b120000 - 0x00007ffd2b13a000 	C:\WINDOWS\SYSTEM32\dhcpcsvc.DLL
0x000000006e740000 - 0x000000006fda5000 	C:\Users\Saikat\AppData\Local\Temp\xuggle\xuggle506811224660991452.dll
0x00007ffd29a30000 - 0x00007ffd29a48000 	C:\WINDOWS\SYSTEM32\AVICAP32.dll
0x00007ffd27af0000 - 0x00007ffd27b19000 	C:\WINDOWS\SYSTEM32\MSVFW32.dll
0x00007ffd2a840000 - 0x00007ffd2aa08000 	C:\WINDOWS\SYSTEM32\dbghelp.dll

VM Arguments:
jvm_args: -Dfile.encoding=Cp1252 
java_command: com.arkivit.main.Main
java_class_path (initial): C:\Program Files\Java\jdk1.8.0_151\jre\lib\resources.jar;C:\Program Files\Java\jdk1.8.0_151\jre\lib\rt.jar;C:\Program Files\Java\jdk1.8.0_151\jre\lib\jsse.jar;C:\Program Files\Java\jdk1.8.0_151\jre\lib\jce.jar;C:\Program Files\Java\jdk1.8.0_151\jre\lib\charsets.jar;C:\Program Files\Java\jdk1.8.0_151\jre\lib\jfr.jar;C:\Program Files\Java\jdk1.8.0_151\jre\lib\ext\access-bridge-64.jar;C:\Program Files\Java\jdk1.8.0_151\jre\lib\ext\cldrdata.jar;C:\Program Files\Java\jdk1.8.0_151\jre\lib\ext\dnsns.jar;C:\Program Files\Java\jdk1.8.0_151\jre\lib\ext\jaccess.jar;C:\Program Files\Java\jdk1.8.0_151\jre\lib\ext\jfxrt.jar;C:\Program Files\Java\jdk1.8.0_151\jre\lib\ext\localedata.jar;C:\Program Files\Java\jdk1.8.0_151\jre\lib\ext\nashorn.jar;C:\Program Files\Java\jdk1.8.0_151\jre\lib\ext\sunec.jar;C:\Program Files\Java\jdk1.8.0_151\jre\lib\ext\sunjce_provider.jar;C:\Program Files\Java\jdk1.8.0_151\jre\lib\ext\sunmscapi.jar;C:\Program Files\Java\jdk1.8.0_151\jre\lib\ext\sunpkcs11.jar;C:\Program Files\Java\jdk1.8.0_151\jre\lib\ext\zipfs.jar;F:\ArkivItJavaProjects\testArkivItApp\target\classes;F:\ArkivItJavaProjects\testArkivItApp\lib\jxl-2.6.jar;F:\ArkivItJavaProjects\testArkivItApp\lib\commons-io-2.6.jar;F:\ArkivItJavaProjects\testArkivItApp\lib\commons-io-2.6-test-sources.jar;F:\ArkivItJavaProjects\testArkivItApp\lib\commons-io-2.6-tests.jar;F:\ArkivItJavaProjects\testArkivItApp\lib\commons-io-2.6-sources.jar;F:\ArkivItJavaProjects\testArkivItApp\lib\commons-io-2.6-javadoc.jar;C:\Users\Saikat\.m2\repository\net\sourceforge\jexcelapi\jxl\2.6.12\jxl-2.6.12.jar;C:\Users\Saikat\.m2\repository\log4j\log4j\1.2.14\log4j-1.2.14.jar;C:\Users\Saikat\.m2\repository\commons-io\commons-io\2.6\commons-io-2.6.jar;C:\Users\Saikat\.m2\repository\org\slf4j\slf4j-log4j12\1.7.22\slf4j-log4j12-1.7.22.jar;C:\Users\Saikat\.m2\repository\org\slf4j\slf4j-api\1.7.22\slf4j-api-1.7.22.jar;C:\Users\Saikat\.m2\repository\xuggle\xuggle-xuggler\5.4\xuggle-xuggler-5.4.jar;C:\Users\S
Launcher Type: SUN_STANDARD

Environment Variables:
PATH=C:/Program Files/Java/jdk1.8.0_151/bin/../jre/bin/server;C:/Program Files/Java/jdk1.8.0_151/bin/../jre/bin;C:/Program Files/Java/jdk1.8.0_151/bin/../jre/lib/amd64;C:\Windows\system32;C:\Windows;C:\Windows\System32\Wbem;C:\Windows\System32\WindowsPowerShell\v1.0\;C:\Program Files (x86)\Common Files\Acronis\SnapAPI\;H:\Program Installation\Program Files(x86)\QuickTime\QTSystem\;C:\Program Files (x86)\NVIDIA Corporation\PhysX\Common;C:\WINDOWS\system32;C:\WINDOWS;C:\WINDOWS\System32\Wbem;C:\WINDOWS\System32\WindowsPowerShell\v1.0\;C:\Program Files (x86)\Skype\Phone\;C:\Users\Saikat\AppData\Local\Microsoft\WindowsApps;;H:\Skrivbord;
USERNAME=Saikat
OS=Windows_NT
PROCESSOR_IDENTIFIER=Intel64 Family 6 Model 58 Stepping 9, GenuineIntel



---------------  S Y S T E M  ---------------

OS: Windows 10.0 , 64 bit Build 16299 (10.0.16299.15)

CPU:total 8 (initial active 8) (4 cores per cpu, 2 threads per core) family 6 model 58 stepping 9, cmov, cx8, fxsr, mmx, sse, sse2, sse3, ssse3, sse4.1, sse4.2, popcnt, avx, aes, clmul, erms, ht, tsc, tscinvbit, tscinv

Memory: 4k page, physical 8271348k(2340976k free), swap 10546600k(1663228k free)

vm_info: Java HotSpot(TM) 64-Bit Server VM (25.151-b12) for windows-amd64 JRE (1.8.0_151-b12), built on Sep  5 2017 19:33:46 by "java_re" with MS VC++ 10.0 (VS2010)

time: Thu Feb 01 15:29:27 2018
elapsed time: 94 seconds (0d 0h 1m 34s)

