#
# A fatal error has been detected by the Java Runtime Environment:
#
#  EXCEPTION_ACCESS_VIOLATION (0xc0000005) at pc=0x000000006ee76520, pid=7028, tid=0x0000000000001f10
#
# JRE version: Java(TM) SE Runtime Environment (8.0_112-b15) (build 1.8.0_112-b15)
# Java VM: Java HotSpot(TM) 64-Bit Server VM (25.112-b15 mixed mode windows-amd64 compressed oops)
# Problematic frame:
# C  0x000000006ee76520
#
# Failed to write core dump. Minidumps are not enabled by default on client versions of Windows
#
# If you would like to submit a bug report, please visit:
#   http://bugreport.java.com/bugreport/crash.jsp
# The crash happened outside the Java Virtual Machine in native code.
# See problematic frame for where to report the bug.
#

---------------  T H R E A D  ---------------

Current thread (0x000000002039b800):  JavaThread "JavaFX Application Thread" [_thread_in_native, id=7952, stack(0x00000000297e0000,0x00000000298e0000)]

siginfo: ExceptionCode=0xc0000005, reading address 0xffffffffffffffff

Registers:
RAX=0x000000003275f430, RBX=0x00000000329397e0, RCX=0x000000003275f430, RDX=0x0000000000000009
RSP=0x00000000298db660, RBP=0x000000003275eb70, RSI=0x0000000032760430, RDI=0x0000000000000004
R8 =0x000000006ee77580, R9 =0x000000006ee76490, R10=0x0000000032554420, R11=0x0000000021df97c0
R12=0x0000000021df9fc0, R13=0x0000000000000004, R14=0x0000000000000184, R15=0x000000006fab8f20
RIP=0x000000006ee76520, EFLAGS=0x0000000000010202

Top of Stack: (sp=0x00000000298db660)
0x00000000298db660:   000000006ee76665 000000006ee774c5
0x00000000298db670:   000000006ee77505 000000006ee77545
0x00000000298db680:   000000006ee77585 000000006ee79426
0x00000000298db690:   000000006fab8f20 000000003275f430
0x00000000298db6a0:   000000003293bca0 000000077a792488
0x00000000298db6b0:   3fe0000000000000 0000000000000000
0x00000000298db6c0:   40c7760000000000 0000000000000000
0x00000000298db6d0:   3fe0000000000000 0000000000000001
0x00000000298db6e0:   000000003293cca0 000000006ea45d24
0x00000000298db6f0:   3f40624dd2f1a9fc 0000000000000000
0x00000000298db700:   0000000000000000 0000000000000000
0x00000000298db710:   0000000000000000 0000000000000000
0x00000000298db720:   0000000032945ba0 000000006fab7320
0x00000000298db730:   0000000000000100 0000000032939740
0x00000000298db740:   0000000000000001 000000003275eb70
0x00000000298db750:   000000003275ebf0 0000000000000000 

Instructions: (pc=0x000000006ee76520)
0x000000006ee76500:   c4 e3 5d 0c c0 55 c5 e4 5c c8 c5 e4 58 c0 c5 fc
0x000000006ee76510:   29 01 c5 fc 29 49 20 c3 0f 1f 84 00 00 00 00 00
0x000000006ee76520:   c5 fc 28 51 40 c5 fc 28 59 60 c5 ec 5c fb c5 ec
0x000000006ee76530:   58 d3 c5 c4 57 3d 26 41 84 00 c5 ec c6 df be c5 


Register to memory mapping:

RAX=0x000000003275f430 is an unknown value
RBX=0x00000000329397e0 is an unknown value
RCX=0x000000003275f430 is an unknown value
RDX=0x0000000000000009 is an unknown value
RSP=0x00000000298db660 is pointing into the stack for thread: 0x000000002039b800
RBP=0x000000003275eb70 is an unknown value
RSI=0x0000000032760430 is an unknown value
RDI=0x0000000000000004 is an unknown value
R8 =0x000000006ee77580 is an unknown value
R9 =0x000000006ee76490 is an unknown value
R10=0x0000000032554420 is an unknown value
R11=0x0000000021df97c0 is an unknown value
R12=0x0000000021df9fc0 is an unknown value
R13=0x0000000000000004 is an unknown value
R14=0x0000000000000184 is an unknown value
R15=0x000000006fab8f20 is an unknown value


Stack: [0x00000000297e0000,0x00000000298e0000],  sp=0x00000000298db660,  free space=1005k
Native frames: (J=compiled Java code, j=interpreted, Vv=VM code, C=native code)
C  0x000000006ee76520

Java frames: (J=compiled Java code, j=interpreted, Vv=VM code)
j  com.xuggle.xuggler.XugglerJNI.IContainer_open__SWIG_0(JLcom/xuggle/xuggler/IContainer;Ljava/lang/String;IJLcom/xuggle/xuggler/IContainerFormat;)I+0
j  com.xuggle.xuggler.IContainer.open(Ljava/lang/String;Lcom/xuggle/xuggler/IContainer$Type;Lcom/xuggle/xuggler/IContainerFormat;)I+15
j  com.arkivit.model.FileDuration.CheckFileDuration(Ljava/lang/String;)V+13
j  com.arkivit.model.MetadataToExcelGUI.checkForAudioVideoDuration(Ljava/io/File;)V+176
j  com.arkivit.model.MetadataToExcelGUI.getAndAddFileDataToList()V+61
j  com.arkivit.model.MetadataToExcelGUI.init()V+27
j  com.arkivit.controller.ExcelControllerFX.createButton(Ljavafx/event/ActionEvent;)V+75
j  com.arkivit.controller.ExcelControllerFX.access$3(Lcom/arkivit/controller/ExcelControllerFX;Ljavafx/event/ActionEvent;)V+2
j  com.arkivit.controller.ExcelControllerFX$ActionListen.handle(Ljavafx/event/ActionEvent;)V+210
j  com.arkivit.controller.ExcelControllerFX$ActionListen.handle(Ljavafx/event/Event;)V+5
J 3704 C2 com.sun.javafx.event.EventHandlerManager.dispatchBubblingEvent(Ljavafx/event/Event;)Ljavafx/event/Event; (23 bytes) @ 0x000000000518100c [0x00000000051805a0+0xa6c]
J 2160 C1 com.sun.javafx.event.CompositeEventDispatcher.dispatchBubblingEvent(Ljavafx/event/Event;)Ljavafx/event/Event; (35 bytes) @ 0x0000000004cf5a9c [0x0000000004cf58e0+0x1bc]
J 3701 C2 com.sun.javafx.event.BasicEventDispatcher.dispatchEvent(Ljavafx/event/Event;Ljavafx/event/EventDispatchChain;)Ljavafx/event/Event; (44 bytes) @ 0x0000000005178610 [0x00000000051784e0+0x130]
J 3701 C2 com.sun.javafx.event.BasicEventDispatcher.dispatchEvent(Ljavafx/event/Event;Ljavafx/event/EventDispatchChain;)Ljavafx/event/Event; (44 bytes) @ 0x00000000051785d0 [0x00000000051784e0+0xf0]
J 3701 C2 com.sun.javafx.event.BasicEventDispatcher.dispatchEvent(Ljavafx/event/Event;Ljavafx/event/EventDispatchChain;)Ljavafx/event/Event; (44 bytes) @ 0x00000000051785d0 [0x00000000051784e0+0xf0]
J 3534 C2 com.sun.javafx.event.EventDispatchChainImpl.dispatchEvent(Ljavafx/event/Event;)Ljavafx/event/Event; (101 bytes) @ 0x00000000050f1b98 [0x00000000050f1ae0+0xb8]
J 2360 C1 com.sun.javafx.event.EventUtil.fireEvent(Ljavafx/event/EventTarget;Ljavafx/event/Event;)Ljavafx/event/Event; (81 bytes) @ 0x0000000004d6c34c [0x0000000004d6b760+0xbec]
J 2169 C1 javafx.event.Event.fireEvent(Ljavafx/event/EventTarget;Ljavafx/event/Event;)V (35 bytes) @ 0x0000000004cfdb2c [0x0000000004cfda60+0xcc]
j  javafx.scene.Node.fireEvent(Ljavafx/event/Event;)V+86
j  javafx.scene.control.Button.fire()V+15
j  com.sun.javafx.scene.control.behavior.ButtonBehavior.mouseReleased(Ljavafx/scene/input/MouseEvent;)V+23
j  com.sun.javafx.scene.control.skin.BehaviorSkinBase$1.handle(Ljavafx/scene/input/MouseEvent;)V+83
j  com.sun.javafx.scene.control.skin.BehaviorSkinBase$1.handle(Ljavafx/event/Event;)V+5
J 3704 C2 com.sun.javafx.event.EventHandlerManager.dispatchBubblingEvent(Ljavafx/event/Event;)Ljavafx/event/Event; (23 bytes) @ 0x000000000518088c [0x00000000051805a0+0x2ec]
J 2160 C1 com.sun.javafx.event.CompositeEventDispatcher.dispatchBubblingEvent(Ljavafx/event/Event;)Ljavafx/event/Event; (35 bytes) @ 0x0000000004cf5a9c [0x0000000004cf58e0+0x1bc]
J 3701 C2 com.sun.javafx.event.BasicEventDispatcher.dispatchEvent(Ljavafx/event/Event;Ljavafx/event/EventDispatchChain;)Ljavafx/event/Event; (44 bytes) @ 0x0000000005178610 [0x00000000051784e0+0x130]
J 3701 C2 com.sun.javafx.event.BasicEventDispatcher.dispatchEvent(Ljavafx/event/Event;Ljavafx/event/EventDispatchChain;)Ljavafx/event/Event; (44 bytes) @ 0x00000000051785d0 [0x00000000051784e0+0xf0]
J 3701 C2 com.sun.javafx.event.BasicEventDispatcher.dispatchEvent(Ljavafx/event/Event;Ljavafx/event/EventDispatchChain;)Ljavafx/event/Event; (44 bytes) @ 0x00000000051785d0 [0x00000000051784e0+0xf0]
J 3534 C2 com.sun.javafx.event.EventDispatchChainImpl.dispatchEvent(Ljavafx/event/Event;)Ljavafx/event/Event; (101 bytes) @ 0x00000000050f1b98 [0x00000000050f1ae0+0xb8]
J 2360 C1 com.sun.javafx.event.EventUtil.fireEvent(Ljavafx/event/EventTarget;Ljavafx/event/Event;)Ljavafx/event/Event; (81 bytes) @ 0x0000000004d6bea4 [0x0000000004d6b760+0x744]
J 2188 C1 javafx.scene.Scene$MouseHandler.process(Ljavafx/scene/input/MouseEvent;Z)V (735 bytes) @ 0x0000000004d09dfc [0x0000000004d07340+0x2abc]
J 2640 C1 javafx.scene.Scene$ScenePeerListener.mouseEvent(Ljavafx/event/EventType;DDDDLjavafx/scene/input/MouseButton;ZZZZZZZZZ)V (50 bytes) @ 0x0000000004e489ec [0x0000000004e48720+0x2cc]
J 2635 C1 com.sun.javafx.tk.quantum.GlassViewEventHandler$MouseEventNotification.run()Ljava/lang/Void; (567 bytes) @ 0x0000000004e476b4 [0x0000000004e468e0+0xdd4]
J 2634 C1 com.sun.javafx.tk.quantum.GlassViewEventHandler$MouseEventNotification.run()Ljava/lang/Object; (5 bytes) @ 0x0000000004e44f0c [0x0000000004e44e80+0x8c]
v  ~StubRoutines::call_stub
J 2001  java.security.AccessController.doPrivileged(Ljava/security/PrivilegedAction;Ljava/security/AccessControlContext;)Ljava/lang/Object; (0 bytes) @ 0x0000000004ca47e6 [0x0000000004ca4780+0x66]
J 2456 C1 com.sun.javafx.tk.quantum.GlassViewEventHandler$$Lambda$227.get()Ljava/lang/Object; (8 bytes) @ 0x0000000004dbc48c [0x0000000004dbc2a0+0x1ec]
J 2176 C1 com.sun.javafx.tk.quantum.QuantumToolkit.runWithoutRenderLock(Ljava/util/function/Supplier;)Ljava/lang/Object; (49 bytes) @ 0x0000000004d02964 [0x0000000004d02420+0x544]
J 2453 C1 com.sun.javafx.tk.quantum.GlassViewEventHandler.handleMouseEvent(Lcom/sun/glass/ui/View;JIIIIIIIZZ)V (108 bytes) @ 0x0000000004dbb324 [0x0000000004dbaf00+0x424]
J 2189 C1 com.sun.glass.ui.View.notifyMouse(IIIIIIIZZ)V (221 bytes) @ 0x0000000004d0e21c [0x0000000004d0d120+0x10fc]
v  ~StubRoutines::call_stub
j  com.sun.glass.ui.win.WinApplication._runLoop(Ljava/lang/Runnable;)V+0
j  com.sun.glass.ui.win.WinApplication.lambda$null$148(ILjava/lang/Runnable;)V+8
j  com.sun.glass.ui.win.WinApplication$$Lambda$64.run()V+12
j  java.lang.Thread.run()V+11
v  ~StubRoutines::call_stub

---------------  P R O C E S S  ---------------

Java Threads: ( => current thread )
  0x000000002039a000 JavaThread "Prism Font Disposer" daemon [_thread_blocked, id=11504, stack(0x000000002a560000,0x000000002a660000)]
  0x0000000020397000 JavaThread "Thread-5" daemon [_thread_in_native, id=9052, stack(0x000000002a0e0000,0x000000002a1e0000)]
=>0x000000002039b800 JavaThread "JavaFX Application Thread" [_thread_in_native, id=7952, stack(0x00000000297e0000,0x00000000298e0000)]
  0x0000000020398000 JavaThread "Thread-4" daemon [_thread_blocked, id=5244, stack(0x00000000296e0000,0x00000000297e0000)]
  0x0000000020396800 JavaThread "JavaFX-Launcher" [_thread_blocked, id=3952, stack(0x00000000295e0000,0x00000000296e0000)]
  0x0000000020fcf000 JavaThread "Swing-Shell" daemon [_thread_blocked, id=1184, stack(0x0000000028440000,0x0000000028540000)]
  0x00000000207b4800 JavaThread "AWT-Windows" daemon [_thread_in_native, id=10268, stack(0x00000000222c0000,0x00000000223c0000)]
  0x000000002070b800 JavaThread "Java2D Disposer" daemon [_thread_blocked, id=6156, stack(0x00000000220c0000,0x00000000221c0000)]
  0x00000000209a9800 JavaThread "QuantumRenderer-0" daemon [_thread_blocked, id=8424, stack(0x00000000214e0000,0x00000000215e0000)]
  0x000000001f738800 JavaThread "Service Thread" daemon [_thread_blocked, id=6024, stack(0x000000001fb10000,0x000000001fc10000)]
  0x000000001dcb7800 JavaThread "C1 CompilerThread2" daemon [_thread_blocked, id=6136, stack(0x000000001f610000,0x000000001f710000)]
  0x000000001dcb4000 JavaThread "C2 CompilerThread1" daemon [_thread_blocked, id=8328, stack(0x000000001f510000,0x000000001f610000)]
  0x000000001dcb2000 JavaThread "C2 CompilerThread0" daemon [_thread_blocked, id=12124, stack(0x000000001f410000,0x000000001f510000)]
  0x000000001dcb0800 JavaThread "Attach Listener" daemon [_thread_blocked, id=356, stack(0x000000001f310000,0x000000001f410000)]
  0x000000001dcaf800 JavaThread "Signal Dispatcher" daemon [_thread_blocked, id=11596, stack(0x000000001f210000,0x000000001f310000)]
  0x000000001dc9a800 JavaThread "Finalizer" daemon [_thread_blocked, id=10200, stack(0x000000001ef10000,0x000000001f010000)]
  0x000000001dc79800 JavaThread "Reference Handler" daemon [_thread_blocked, id=6212, stack(0x000000001ee10000,0x000000001ef10000)]
  0x000000000442e800 JavaThread "main" [_thread_blocked, id=6368, stack(0x0000000004430000,0x0000000004530000)]

Other Threads:
  0x000000001dc75800 VMThread [stack: 0x000000001ed10000,0x000000001ee10000] [id=10724]
  0x000000001f756000 WatcherThread [stack: 0x000000001fc10000,0x000000001fd10000] [id=11824]

VM state:not at safepoint (normal execution)

VM Mutex/Monitor currently owned by a thread: None

Heap:
 PSYoungGen      total 239104K, used 173885K [0x000000076b180000, 0x000000077ab00000, 0x00000007c0000000)
  eden space 227840K, 71% used [0x000000076b180000,0x00000007750c9338,0x0000000779000000)
  from space 11264K, 95% used [0x000000077a000000,0x000000077aa862b8,0x000000077ab00000)
  to   space 11776K, 0% used [0x0000000779400000,0x0000000779400000,0x0000000779f80000)
 ParOldGen       total 126976K, used 7707K [0x00000006c1400000, 0x00000006c9000000, 0x000000076b180000)
  object space 126976K, 6% used [0x00000006c1400000,0x00000006c1b86c20,0x00000006c9000000)
 Metaspace       used 28039K, capacity 28938K, committed 29232K, reserved 1075200K
  class space    used 3814K, capacity 4035K, committed 4144K, reserved 1048576K

Card table byte_map: [0x0000000013a10000,0x0000000014210000] byte_map_base: 0x0000000010406000

Marking Bits: (ParMarkBitMap*) 0x000000006329a6d0
 Begin Bits: [0x0000000014b60000, 0x0000000018b10000)
 End Bits:   [0x0000000018b10000, 0x000000001cac0000)

Polling page: 0x0000000004410000

CodeCache: size=245760Kb used=11198Kb max_used=12322Kb free=234561Kb
 bounds [0x0000000004650000, 0x0000000005270000, 0x0000000013650000]
 total_blobs=4518 nmethods=3663 adapters=764
 compilation: enabled

Compilation events (10 events):
Event: 93.970 Thread 0x000000001dcb7800 4095       3       java.io.FileDescriptor::<init> (17 bytes)
Event: 93.970 Thread 0x000000001dcb7800 nmethod 4095 0x0000000004849690 code [0x00000000048497e0, 0x00000000048499b0]
Event: 93.970 Thread 0x000000001dcb2000 4096       4       java.util.regex.Pattern$Curly::match0 (174 bytes)
Event: 93.984 Thread 0x000000001dcb7800 4097       3       java.util.regex.Matcher::group (112 bytes)
Event: 93.984 Thread 0x000000001dcb7800 nmethod 4097 0x0000000004e11d50 code [0x0000000004e11f80, 0x0000000004e12d08]
Event: 93.984 Thread 0x000000001dcb7800 4098       3       java.util.regex.Pattern$GroupTail::match (111 bytes)
Event: 93.985 Thread 0x000000001dcb7800 nmethod 4098 0x0000000004f09890 code [0x0000000004f09a20, 0x0000000004f09de8]
Event: 93.985 Thread 0x000000001dcb7800 4099       3       java.lang.String::subSequence (7 bytes)
Event: 93.985 Thread 0x000000001dcb7800 nmethod 4099 0x0000000004798d90 code [0x0000000004798f00, 0x0000000004799108]
Event: 93.986 Thread 0x000000001dcb2000 nmethod 4096 0x000000000512b910 code [0x000000000512bb40, 0x000000000512d1c8]

GC Heap History (10 events):
Event: 92.181 GC heap before
{Heap before GC invocations=7 (full 1):
 PSYoungGen      total 96768K, used 95903K [0x000000076b180000, 0x0000000774280000, 0x00000007c0000000)
  eden space 86016K, 100% used [0x000000076b180000,0x0000000770580000,0x0000000770580000)
  from space 10752K, 91% used [0x0000000770580000,0x0000000770f27f40,0x0000000771000000)
  to   space 11776K, 0% used [0x0000000773700000,0x0000000773700000,0x0000000774280000)
 ParOldGen       total 126976K, used 7699K [0x00000006c1400000, 0x00000006c9000000, 0x000000076b180000)
  object space 126976K, 6% used [0x00000006c1400000,0x00000006c1b84c20,0x00000006c9000000)
 Metaspace       used 26088K, capacity 26954K, committed 27184K, reserved 1073152K
  class space    used 3618K, capacity 3843K, committed 3888K, reserved 1048576K
Event: 92.185 GC heap after
Heap after GC invocations=7 (full 1):
 PSYoungGen      total 136704K, used 9901K [0x000000076b180000, 0x0000000774500000, 0x00000007c0000000)
  eden space 124928K, 0% used [0x000000076b180000,0x000000076b180000,0x0000000772b80000)
  from space 11776K, 84% used [0x0000000773700000,0x00000007740ab4c0,0x0000000774280000)
  to   space 11776K, 0% used [0x0000000772b80000,0x0000000772b80000,0x0000000773700000)
 ParOldGen       total 126976K, used 7699K [0x00000006c1400000, 0x00000006c9000000, 0x000000076b180000)
  object space 126976K, 6% used [0x00000006c1400000,0x00000006c1b84c20,0x00000006c9000000)
 Metaspace       used 26088K, capacity 26954K, committed 27184K, reserved 1073152K
  class space    used 3618K, capacity 3843K, committed 3888K, reserved 1048576K
}
Event: 92.409 GC heap before
{Heap before GC invocations=8 (full 1):
 PSYoungGen      total 136704K, used 134829K [0x000000076b180000, 0x0000000774500000, 0x00000007c0000000)
  eden space 124928K, 100% used [0x000000076b180000,0x0000000772b80000,0x0000000772b80000)
  from space 11776K, 84% used [0x0000000773700000,0x00000007740ab4c0,0x0000000774280000)
  to   space 11776K, 0% used [0x0000000772b80000,0x0000000772b80000,0x0000000773700000)
 ParOldGen       total 126976K, used 7699K [0x00000006c1400000, 0x00000006c9000000, 0x000000076b180000)
  object space 126976K, 6% used [0x00000006c1400000,0x00000006c1b84c20,0x00000006c9000000)
 Metaspace       used 26088K, capacity 26954K, committed 27184K, reserved 1073152K
  class space    used 3618K, capacity 3843K, committed 3888K, reserved 1048576K
Event: 92.414 GC heap after
Heap after GC invocations=8 (full 1):
 PSYoungGen      total 136704K, used 9869K [0x000000076b180000, 0x0000000777c00000, 0x00000007c0000000)
  eden space 124928K, 0% used [0x000000076b180000,0x000000076b180000,0x0000000772b80000)
  from space 11776K, 83% used [0x0000000772b80000,0x00000007735234c0,0x0000000773700000)
  to   space 11776K, 0% used [0x0000000777080000,0x0000000777080000,0x0000000777c00000)
 ParOldGen       total 126976K, used 7699K [0x00000006c1400000, 0x00000006c9000000, 0x000000076b180000)
  object space 126976K, 6% used [0x00000006c1400000,0x00000006c1b84c20,0x00000006c9000000)
 Metaspace       used 26088K, capacity 26954K, committed 27184K, reserved 1073152K
  class space    used 3618K, capacity 3843K, committed 3888K, reserved 1048576K
}
Event: 92.628 GC heap before
{Heap before GC invocations=9 (full 1):
 PSYoungGen      total 136704K, used 134797K [0x000000076b180000, 0x0000000777c00000, 0x00000007c0000000)
  eden space 124928K, 100% used [0x000000076b180000,0x0000000772b80000,0x0000000772b80000)
  from space 11776K, 83% used [0x0000000772b80000,0x00000007735234c0,0x0000000773700000)
  to   space 11776K, 0% used [0x0000000777080000,0x0000000777080000,0x0000000777c00000)
 ParOldGen       total 126976K, used 7699K [0x00000006c1400000, 0x00000006c9000000, 0x000000076b180000)
  object space 126976K, 6% used [0x00000006c1400000,0x00000006c1b84c20,0x00000006c9000000)
 Metaspace       used 26090K, capacity 26954K, committed 27184K, reserved 1073152K
  class space    used 3618K, capacity 3843K, committed 3888K, reserved 1048576K
Event: 92.632 GC heap after
Heap after GC invocations=9 (full 1):
 PSYoungGen      total 194560K, used 9951K [0x000000076b180000, 0x0000000777b80000, 0x00000007c0000000)
  eden space 183296K, 0% used [0x000000076b180000,0x000000076b180000,0x0000000776480000)
  from space 11264K, 88% used [0x0000000777080000,0x0000000777a37f40,0x0000000777b80000)
  to   space 11776K, 0% used [0x0000000776480000,0x0000000776480000,0x0000000777000000)
 ParOldGen       total 126976K, used 7699K [0x00000006c1400000, 0x00000006c9000000, 0x000000076b180000)
  object space 126976K, 6% used [0x00000006c1400000,0x00000006c1b84c20,0x00000006c9000000)
 Metaspace       used 26090K, capacity 26954K, committed 27184K, reserved 1073152K
  class space    used 3618K, capacity 3843K, committed 3888K, reserved 1048576K
}
Event: 92.955 GC heap before
{Heap before GC invocations=10 (full 1):
 PSYoungGen      total 194560K, used 193247K [0x000000076b180000, 0x0000000777b80000, 0x00000007c0000000)
  eden space 183296K, 100% used [0x000000076b180000,0x0000000776480000,0x0000000776480000)
  from space 11264K, 88% used [0x0000000777080000,0x0000000777a37f40,0x0000000777b80000)
  to   space 11776K, 0% used [0x0000000776480000,0x0000000776480000,0x0000000777000000)
 ParOldGen       total 126976K, used 7699K [0x00000006c1400000, 0x00000006c9000000, 0x000000076b180000)
  object space 126976K, 6% used [0x00000006c1400000,0x00000006c1b84c20,0x00000006c9000000)
 Metaspace       used 26090K, capacity 26954K, committed 27184K, reserved 1073152K
  class space    used 3618K, capacity 3843K, committed 3888K, reserved 1048576K
Event: 92.960 GC heap after
Heap after GC invocations=10 (full 1):
 PSYoungGen      total 195072K, used 9901K [0x000000076b180000, 0x000000077ab80000, 0x00000007c0000000)
  eden space 183296K, 0% used [0x000000076b180000,0x000000076b180000,0x0000000776480000)
  from space 11776K, 84% used [0x0000000776480000,0x0000000776e2b4c0,0x0000000777000000)
  to   space 11776K, 0% used [0x000000077a000000,0x000000077a000000,0x000000077ab80000)
 ParOldGen       total 126976K, used 7699K [0x00000006c1400000, 0x00000006c9000000, 0x000000076b180000)
  object space 126976K, 6% used [0x00000006c1400000,0x00000006c1b84c20,0x00000006c9000000)
 Metaspace       used 26090K, capacity 26954K, committed 27184K, reserved 1073152K
  class space    used 3618K, capacity 3843K, committed 3888K, reserved 1048576K
}
Event: 93.646 GC heap before
{Heap before GC invocations=11 (full 1):
 PSYoungGen      total 195072K, used 193197K [0x000000076b180000, 0x000000077ab80000, 0x00000007c0000000)
  eden space 183296K, 100% used [0x000000076b180000,0x0000000776480000,0x0000000776480000)
  from space 11776K, 84% used [0x0000000776480000,0x0000000776e2b4c0,0x0000000777000000)
  to   space 11776K, 0% used [0x000000077a000000,0x000000077a000000,0x000000077ab80000)
 ParOldGen       total 126976K, used 7699K [0x00000006c1400000, 0x00000006c9000000, 0x000000076b180000)
  object space 126976K, 6% used [0x00000006c1400000,0x00000006c1b84c20,0x00000006c9000000)
 Metaspace       used 28003K, capacity 28938K, committed 29232K, reserved 1075200K
  class space    used 3813K, capacity 4035K, committed 4144K, reserved 1048576K
Event: 93.650 GC heap after
Heap after GC invocations=11 (full 1):
 PSYoungGen      total 239104K, used 10776K [0x000000076b180000, 0x000000077ab00000, 0x00000007c0000000)
  eden space 227840K, 0% used [0x000000076b180000,0x000000076b180000,0x0000000779000000)
  from space 11264K, 95% used [0x000000077a000000,0x000000077aa862b8,0x000000077ab00000)
  to   space 11776K, 0% used [0x0000000779400000,0x0000000779400000,0x0000000779f80000)
 ParOldGen       total 126976K, used 7707K [0x00000006c1400000, 0x00000006c9000000, 0x000000076b180000)
  object space 126976K, 6% used [0x00000006c1400000,0x00000006c1b86c20,0x00000006c9000000)
 Metaspace       used 28003K, capacity 28938K, committed 29232K, reserved 1075200K
  class space    used 3813K, capacity 4035K, committed 4144K, reserved 1048576K
}

Deoptimization events (10 events):
Event: 93.626 Thread 0x000000002039b800 Uncommon trap: reason=bimorphic action=maybe_recompile pc=0x00000000051c5c08 method=java.util.regex.Pattern$BmpCharProperty.match(Ljava/util/regex/Matcher;ILjava/lang/CharSequence;)Z @ 31
Event: 93.626 Thread 0x000000002039b800 Uncommon trap: reason=class_check action=maybe_recompile pc=0x0000000005249cf0 method=java.util.regex.Pattern$Curly.match0(Ljava/util/regex/Matcher;IILjava/lang/CharSequence;)Z @ 31
Event: 93.626 Thread 0x000000002039b800 Uncommon trap: reason=bimorphic action=maybe_recompile pc=0x00000000051c5bc4 method=java.util.regex.Pattern$BmpCharProperty.match(Ljava/util/regex/Matcher;ILjava/lang/CharSequence;)Z @ 16
Event: 93.626 Thread 0x000000002039b800 Uncommon trap: reason=bimorphic action=maybe_recompile pc=0x00000000051c5bc4 method=java.util.regex.Pattern$BmpCharProperty.match(Ljava/util/regex/Matcher;ILjava/lang/CharSequence;)Z @ 16
Event: 93.626 Thread 0x000000002039b800 Uncommon trap: reason=class_check action=maybe_recompile pc=0x0000000005249cf0 method=java.util.regex.Pattern$Curly.match0(Ljava/util/regex/Matcher;IILjava/lang/CharSequence;)Z @ 31
Event: 93.626 Thread 0x000000002039b800 Uncommon trap: reason=class_check action=maybe_recompile pc=0x00000000051bb46c method=java.util.regex.Pattern$CharProperty.match(Ljava/util/regex/Matcher;ILjava/lang/CharSequence;)Z @ 37
Event: 93.626 Thread 0x000000002039b800 Uncommon trap: reason=class_check action=maybe_recompile pc=0x0000000005249cf0 method=java.util.regex.Pattern$Curly.match0(Ljava/util/regex/Matcher;IILjava/lang/CharSequence;)Z @ 31
Event: 93.626 Thread 0x000000002039b800 Uncommon trap: reason=class_check action=maybe_recompile pc=0x00000000051bb46c method=java.util.regex.Pattern$CharProperty.match(Ljava/util/regex/Matcher;ILjava/lang/CharSequence;)Z @ 37
Event: 93.627 Thread 0x000000002039b800 Uncommon trap: reason=class_check action=maybe_recompile pc=0x00000000051bb46c method=java.util.regex.Pattern$CharProperty.match(Ljava/util/regex/Matcher;ILjava/lang/CharSequence;)Z @ 37
Event: 93.673 Thread 0x000000002039b800 Uncommon trap: reason=class_check action=maybe_recompile pc=0x00000000051bb46c method=java.util.regex.Pattern$CharProperty.match(Ljava/util/regex/Matcher;ILjava/lang/CharSequence;)Z @ 37

Internal exceptions (10 events):
Event: 0.342 Thread 0x000000000442e800 Exception <a 'java/lang/NullPointerException'> (0x000000076c05c960) thrown at [C:\re\workspace\8-2-build-windows-amd64-cygwin\jdk8u112\7884\hotspot\src\share\vm\interpreter\linkResolver.cpp, line 1178]
Event: 0.342 Thread 0x000000000442e800 Exception <a 'java/lang/NullPointerException'> (0x000000076c05c960) thrown at [C:\re\workspace\8-2-build-windows-amd64-cygwin\jdk8u112\7884\hotspot\src\share\vm\prims\jvm.cpp, line 1394]
Event: 0.372 Thread 0x000000000442e800 Exception <a 'java/io/FileNotFoundException'> (0x000000076c2761d8) thrown at [C:\re\workspace\8-2-build-windows-amd64-cygwin\jdk8u112\7884\hotspot\src\share\vm\prims\jni.cpp, line 709]
Event: 0.387 Thread 0x000000000442e800 Exception <a 'java/io/FileNotFoundException'> (0x000000076c298478) thrown at [C:\re\workspace\8-2-build-windows-amd64-cygwin\jdk8u112\7884\hotspot\src\share\vm\prims\jni.cpp, line 709]
Event: 0.477 Thread 0x000000000442e800 Implicit null exception at 0x00000000048918d5 to 0x0000000004891af5
Event: 0.477 Thread 0x000000000442e800 Implicit null exception at 0x000000000493b358 to 0x000000000493b3e6
Event: 0.787 Thread 0x0000000020396800 Exception <a 'java/lang/NullPointerException'> (0x000000076cef69e8) thrown at [C:\re\workspace\8-2-build-windows-amd64-cygwin\jdk8u112\7884\hotspot\src\share\vm\interpreter\linkResolver.cpp, line 1178]
Event: 1.035 Thread 0x000000002039b800 Exception <a 'java/io/FileNotFoundException'> (0x000000076dd14b20) thrown at [C:\re\workspace\8-2-build-windows-amd64-cygwin\jdk8u112\7884\hotspot\src\share\vm\prims\jni.cpp, line 709]
Event: 91.620 Thread 0x000000002039b800 Implicit null exception at 0x00000000051f071b to 0x00000000051f0bdd
Event: 93.321 Thread 0x000000002039b800 Implicit null exception at 0x0000000004cd3e91 to 0x0000000004cd3f11

Events (10 events):
Event: 93.790 Thread 0x000000001dcb7800 flushing nmethod 0x0000000004f64810
Event: 93.790 Thread 0x000000001dcb7800 flushing nmethod 0x0000000004f71c10
Event: 93.790 Thread 0x000000001dcb7800 flushing nmethod 0x0000000004f7e1d0
Event: 93.790 Thread 0x000000001dcb7800 flushing nmethod 0x0000000004f82c90
Event: 93.790 Thread 0x000000001dcb7800 flushing nmethod 0x0000000004f94c10
Event: 93.790 Thread 0x000000001dcb7800 flushing nmethod 0x0000000004fcc110
Event: 93.790 Thread 0x000000001dcb7800 flushing nmethod 0x000000000501b450
Event: 93.790 Thread 0x000000001dcb7800 flushing nmethod 0x000000000504e0d0
Event: 93.860 Thread 0x000000001dcb7800 flushing nmethod 0x00000000050cfbd0
Event: 93.860 Thread 0x000000001dcb2000 flushing nmethod 0x000000000512b690


Dynamic libraries:
0x00007ff656be0000 - 0x00007ff656c17000 	F:\My Installed Programs\Program Files\Java\jdk1.8.0_112\bin\javaw.exe
0x00007fffde4a0000 - 0x00007fffde680000 	C:\WINDOWS\SYSTEM32\ntdll.dll
0x00007fffdd780000 - 0x00007fffdd82e000 	C:\WINDOWS\System32\KERNEL32.DLL
0x00007fffda8f0000 - 0x00007fffdab56000 	C:\WINDOWS\System32\KERNELBASE.dll
0x00007fffde200000 - 0x00007fffde2a1000 	C:\WINDOWS\System32\ADVAPI32.dll
0x00007fffddff0000 - 0x00007fffde08d000 	C:\WINDOWS\System32\msvcrt.dll
0x00007fffde090000 - 0x00007fffde0eb000 	C:\WINDOWS\System32\sechost.dll
0x00007fffddd30000 - 0x00007fffdde4f000 	C:\WINDOWS\System32\RPCRT4.dll
0x00007fffde2b0000 - 0x00007fffde43f000 	C:\WINDOWS\System32\USER32.dll
0x00007fffdab60000 - 0x00007fffdab80000 	C:\WINDOWS\System32\win32u.dll
0x00007fffdde70000 - 0x00007fffdde98000 	C:\WINDOWS\System32\GDI32.dll
0x00007fffdb7d0000 - 0x00007fffdb963000 	C:\WINDOWS\System32\gdi32full.dll
0x00007fffdac00000 - 0x00007fffdac9b000 	C:\WINDOWS\System32\msvcp_win.dll
0x00007fffdb6d0000 - 0x00007fffdb7c6000 	C:\WINDOWS\System32\ucrtbase.dll
0x00007fffc5ed0000 - 0x00007fffc6139000 	C:\WINDOWS\WinSxS\amd64_microsoft.windows.common-controls_6595b64144ccf1df_6.0.16299.192_none_15c8cdae9364c23b\COMCTL32.dll
0x00007fffdd470000 - 0x00007fffdd778000 	C:\WINDOWS\System32\combase.dll
0x00007fffdab80000 - 0x00007fffdabf2000 	C:\WINDOWS\System32\bcryptPrimitives.dll
0x00007fffde440000 - 0x00007fffde46d000 	C:\WINDOWS\System32\IMM32.DLL
0x00000000627b0000 - 0x0000000062882000 	F:\My Installed Programs\Program Files\Java\jdk1.8.0_112\jre\bin\msvcr100.dll
0x0000000062a80000 - 0x000000006331a000 	F:\My Installed Programs\Program Files\Java\jdk1.8.0_112\jre\bin\server\jvm.dll
0x00007fffdd390000 - 0x00007fffdd398000 	C:\WINDOWS\System32\PSAPI.DLL
0x00007fffcd090000 - 0x00007fffcd099000 	C:\WINDOWS\SYSTEM32\WSOCK32.dll
0x00007fffdda50000 - 0x00007fffddabc000 	C:\WINDOWS\System32\WS2_32.dll
0x00007fffd8ab0000 - 0x00007fffd8ad3000 	C:\WINDOWS\SYSTEM32\WINMM.dll
0x00007fffd5540000 - 0x00007fffd554a000 	C:\WINDOWS\SYSTEM32\VERSION.dll
0x00007fffd8a50000 - 0x00007fffd8a7a000 	C:\WINDOWS\SYSTEM32\WINMMBASE.dll
0x00007fffda8a0000 - 0x00007fffda8ea000 	C:\WINDOWS\System32\cfgmgr32.dll
0x0000000062a70000 - 0x0000000062a7f000 	F:\My Installed Programs\Program Files\Java\jdk1.8.0_112\jre\bin\verify.dll
0x0000000062a40000 - 0x0000000062a69000 	F:\My Installed Programs\Program Files\Java\jdk1.8.0_112\jre\bin\java.dll
0x0000000062a20000 - 0x0000000062a36000 	F:\My Installed Programs\Program Files\Java\jdk1.8.0_112\jre\bin\zip.dll
0x00007fffdb970000 - 0x00007fffdcda6000 	C:\WINDOWS\System32\SHELL32.dll
0x00007fffdcdb0000 - 0x00007fffdce56000 	C:\WINDOWS\System32\shcore.dll
0x00007fffdaca0000 - 0x00007fffdb3e7000 	C:\WINDOWS\System32\windows.storage.dll
0x00007fffdcee0000 - 0x00007fffdcf31000 	C:\WINDOWS\System32\shlwapi.dll
0x00007fffda880000 - 0x00007fffda891000 	C:\WINDOWS\System32\kernel.appcore.dll
0x00007fffda830000 - 0x00007fffda87c000 	C:\WINDOWS\System32\powrprof.dll
0x00007fffda810000 - 0x00007fffda82b000 	C:\WINDOWS\System32\profapi.dll
0x00007fffc3a80000 - 0x00007fffc3b6f000 	F:\My Installed Programs\Program Files\Java\jdk1.8.0_112\jre\bin\msvcr120.dll
0x00007fffc39d0000 - 0x00007fffc3a76000 	F:\My Installed Programs\Program Files\Java\jdk1.8.0_112\jre\bin\msvcp120.dll
0x0000000062780000 - 0x00000000627a2000 	F:\My Installed Programs\Program Files\Java\jdk1.8.0_112\jre\bin\prism_d3d.dll
0x00007fffc8cc0000 - 0x00007fffc8e55000 	C:\WINDOWS\system32\d3d9.dll
0x00007fffd90a0000 - 0x00007fffd90ca000 	C:\WINDOWS\SYSTEM32\dwmapi.dll
0x00007fffd8fd0000 - 0x00007fffd9065000 	C:\WINDOWS\system32\uxtheme.dll
0x00007fffd2ce0000 - 0x00007fffd2dcb000 	C:\WINDOWS\System32\DriverStore\FileRepository\nv_dispi.inf_amd64_5601d21ccd639df9\nvldumdx.dll
0x00007fffdb500000 - 0x00007fffdb6ce000 	C:\WINDOWS\System32\crypt32.dll
0x00007fffda7f0000 - 0x00007fffda802000 	C:\WINDOWS\System32\MSASN1.dll
0x00007fffdb3f0000 - 0x00007fffdb448000 	C:\WINDOWS\System32\WINTRUST.DLL
0x00007fffdde50000 - 0x00007fffdde6d000 	C:\WINDOWS\System32\imagehlp.dll
0x00007fffda250000 - 0x00007fffda267000 	C:\WINDOWS\SYSTEM32\CRYPTSP.dll
0x00007fffd9c90000 - 0x00007fffd9cc3000 	C:\WINDOWS\system32\rsaenh.dll
0x00007fffda350000 - 0x00007fffda375000 	C:\WINDOWS\SYSTEM32\bcrypt.dll
0x00007fffda240000 - 0x00007fffda24b000 	C:\WINDOWS\SYSTEM32\CRYPTBASE.dll
0x00007fffaa740000 - 0x00007fffab94a000 	C:\WINDOWS\System32\DriverStore\FileRepository\nv_dispi.inf_amd64_5601d21ccd639df9\nvd3dumx.dll
0x00007fffc3540000 - 0x00007fffc3799000 	C:\WINDOWS\system32\nvspcap64.dll
0x00007fffddea0000 - 0x00007fffddfe9000 	C:\WINDOWS\System32\ole32.dll
0x00007fffd9a40000 - 0x00007fffd9a71000 	C:\WINDOWS\SYSTEM32\ntmarta.dll
0x00000000625e0000 - 0x0000000062778000 	F:\My Installed Programs\Program Files\Java\jdk1.8.0_112\jre\bin\awt.dll
0x00007fffdd3a0000 - 0x00007fffdd465000 	C:\WINDOWS\System32\OLEAUT32.dll
0x00007fffd8cb0000 - 0x00007fffd8d38000 	C:\WINDOWS\SYSTEM32\apphelp.dll
0x00007fffb6820000 - 0x00007fffb693e000 	C:\WINDOWS\system32\opengl32.dll
0x00007fffc95e0000 - 0x00007fffc960c000 	C:\WINDOWS\SYSTEM32\GLU32.dll
0x00007fffddb20000 - 0x00007fffddc87000 	C:\WINDOWS\System32\MSCTF.dll
0x00007fffcff80000 - 0x00007fffd006b000 	C:\Program Files (x86)\NVIDIA Corporation\3D Vision\nvSCPAPI64.dll
0x00007fffdcf40000 - 0x00007fffdd38e000 	C:\WINDOWS\System32\SETUPAPI.dll
0x00007fffd3940000 - 0x00007fffd39e6000 	C:\WINDOWS\WinSxS\amd64_microsoft.windows.common-controls_6595b64144ccf1df_5.82.16299.192_none_887f70824ab5b0de\comctl32.dll
0x0000000062590000 - 0x00000000625d7000 	F:\My Installed Programs\Program Files\Java\jdk1.8.0_112\jre\bin\fontmanager.dll
0x0000000062a00000 - 0x0000000062a1a000 	F:\My Installed Programs\Program Files\Java\jdk1.8.0_112\jre\bin\net.dll
0x00007fffda080000 - 0x00007fffda0e6000 	C:\WINDOWS\system32\mswsock.dll
0x00000000629e0000 - 0x00000000629f1000 	F:\My Installed Programs\Program Files\Java\jdk1.8.0_112\jre\bin\nio.dll
0x0000000062540000 - 0x0000000062582000 	F:\My Installed Programs\Program Files\Java\jdk1.8.0_112\jre\bin\t2k.dll
0x00007fffddc90000 - 0x00007fffddd2e000 	C:\WINDOWS\System32\clbcatq.dll
0x00007fffd7520000 - 0x00007fffd76d1000 	C:\WINDOWS\SYSTEM32\PROPSYS.dll
0x00007fffbef70000 - 0x00007fffbef89000 	C:\WINDOWS\SYSTEM32\CLDAPI.dll
0x00007fffca5e0000 - 0x00007fffca5ea000 	C:\WINDOWS\SYSTEM32\FLTLIB.DLL
0x00007fffc8c50000 - 0x00007fffc8c94000 	C:\WINDOWS\SYSTEM32\AEPIC.dll
0x00007fffd43a0000 - 0x00007fffd4994000 	C:\Windows\System32\OneCoreUAPCommonProxyStub.dll
0x00007fffbd4a0000 - 0x00007fffbd5c7000 	C:\WINDOWS\system32\NetworkExplorer.dll
0x00007fffcfd10000 - 0x00007fffcfd54000 	C:\Users\Saikat\Desktop\OldNewExplorer\OldNewExplorer64.dll
0x00007fffd6b10000 - 0x00007fffd6b2b000 	C:\WINDOWS\SYSTEM32\MPR.dll
0x00007fffd3840000 - 0x00007fffd384b000 	C:\WINDOWS\System32\drprov.dll
0x00007fffd99e0000 - 0x00007fffd9a35000 	C:\WINDOWS\System32\WINSTA.dll
0x00007fffd3820000 - 0x00007fffd3836000 	C:\WINDOWS\System32\ntlanman.dll
0x00007fffd3800000 - 0x00007fffd381c000 	C:\WINDOWS\System32\davclnt.dll
0x00007fffcc540000 - 0x00007fffcc54c000 	C:\WINDOWS\System32\DAVHLPR.dll
0x00007fffd5290000 - 0x00007fffd52a7000 	C:\WINDOWS\System32\wkscli.dll
0x00007fffc75a0000 - 0x00007fffc75b2000 	C:\WINDOWS\SYSTEM32\cscapi.dll
0x00007fffd9f10000 - 0x00007fffd9f1e000 	C:\WINDOWS\System32\netutils.dll
0x00007fffc8080000 - 0x00007fffc80ca000 	C:\Windows\System32\dlnashext.dll
0x00007fffbcd10000 - 0x00007fffbcd73000 	C:\Windows\System32\PlayToDevice.dll
0x00007fffc2e40000 - 0x00007fffc2e5f000 	C:\Windows\System32\DevDispItemProvider.dll
0x00007fffd4dd0000 - 0x00007fffd4e3f000 	C:\WINDOWS\System32\MMDevApi.dll
0x00007fffda600000 - 0x00007fffda627000 	C:\WINDOWS\System32\DEVOBJ.dll
0x00007fffb3210000 - 0x00007fffb33ef000 	C:\WINDOWS\system32\wpdshext.dll
0x00007fffc63c0000 - 0x00007fffc655c000 	C:\WINDOWS\WinSxS\amd64_microsoft.windows.gdiplus_6595b64144ccf1df_1.1.16299.192_none_46b3c093edf73c09\gdiplus.dll
0x00007fffc1200000 - 0x00007fffc12a0000 	C:\Windows\System32\PortableDeviceApi.dll
0x00007fffd58c0000 - 0x00007fffd58f6000 	C:\Windows\System32\EhStorShell.dll
0x00007fffc95b0000 - 0x00007fffc95d5000 	C:\Windows\System32\EhStorAPI.dll
0x00007fffd7500000 - 0x00007fffd7513000 	C:\Windows\System32\WTSAPI32.dll
0x00007fffd0300000 - 0x00007fffd0310000 	C:\WINDOWS\SYSTEM32\LINKINFO.dll
0x00000000624f0000 - 0x0000000062533000 	F:\My Installed Programs\Program Files\Java\jdk1.8.0_112\jre\bin\glass.dll
0x00007fffde0f0000 - 0x00007fffde1fa000 	C:\WINDOWS\System32\COMDLG32.dll
0x00000000624d0000 - 0x00000000624e4000 	F:\My Installed Programs\Program Files\Java\jdk1.8.0_112\jre\bin\javafx_font.dll
0x00007fffc3230000 - 0x00007fffc353f000 	C:\WINDOWS\SYSTEM32\dwrite.dll
0x00007fffd64a0000 - 0x00007fffd664b000 	C:\WINDOWS\SYSTEM32\WindowsCodecs.dll
0x00007fffc9ca0000 - 0x00007fffc9cef000 	C:\WINDOWS\system32\dataexchange.dll
0x00007fffd7c70000 - 0x00007fffd7f51000 	C:\WINDOWS\system32\d3d11.dll
0x00007fffd8600000 - 0x00007fffd8742000 	C:\WINDOWS\system32\dcomp.dll
0x00007fffd9660000 - 0x00007fffd970f000 	C:\WINDOWS\system32\dxgi.dll
0x00007fffd9190000 - 0x00007fffd930b000 	C:\WINDOWS\system32\twinapi.appcore.dll
0x00007fffd9380000 - 0x00007fffd93a0000 	C:\WINDOWS\system32\RMCLIENT.dll
0x00007fffc0f20000 - 0x00007fffc0f54000 	C:\Program Files\Common Files\Microsoft Shared\Ink\rtscom.dll
0x00007fffc82f0000 - 0x00007fffc8388000 	C:\WINDOWS\System32\TextInputFramework.dll
0x00007fffd5c40000 - 0x00007fffd5f2e000 	C:\WINDOWS\System32\CoreUIComponents.dll
0x00007fffd8520000 - 0x00007fffd85fc000 	C:\WINDOWS\System32\CoreMessaging.dll
0x00007fffd5ad0000 - 0x00007fffd5c06000 	C:\WINDOWS\SYSTEM32\wintypes.dll
0x00000000624a0000 - 0x00000000624c3000 	F:\My Installed Programs\Program Files\Java\jdk1.8.0_112\jre\bin\javafx_iio.dll
0x0000000062480000 - 0x0000000062491000 	F:\My Installed Programs\Program Files\Java\jdk1.8.0_112\jre\bin\prism_common.dll
0x00007fffc9e00000 - 0x00007fffc9ea9000 	C:\Program Files\Common Files\microsoft shared\ink\tiptsf.dll
0x00007fffd5830000 - 0x00007fffd5874000 	C:\WINDOWS\SYSTEM32\edputil.dll
0x00007fffc4510000 - 0x00007fffc49a3000 	C:\WINDOWS\system32\explorerframe.dll
0x00007fffb5670000 - 0x00007fffb581e000 	C:\WINDOWS\system32\DUI70.dll
0x00007fffbc160000 - 0x00007fffbc1f1000 	C:\WINDOWS\system32\DUser.dll
0x00007fffc6b20000 - 0x00007fffc6b7b000 	C:\Windows\System32\thumbcache.dll
0x00007fffc7890000 - 0x00007fffc7a17000 	C:\Windows\System32\Windows.Globalization.dll
0x00007fffcae30000 - 0x00007fffcae9a000 	C:\Windows\System32\Bcp47Langs.dll
0x00007fffc6e60000 - 0x00007fffc6e90000 	C:\WINDOWS\SYSTEM32\globinputhost.dll
0x00007fffd3f10000 - 0x00007fffd3f7e000 	C:\WINDOWS\system32\OLEACC.dll
0x00007fffc6fa0000 - 0x00007fffc71a6000 	C:\Windows\System32\uiautomationcore.dll

VM Arguments:
jvm_args: -Dfile.encoding=UTF-8 
java_command: com.arkivit.main.Main
java_class_path (initial): F:\My Installed Programs\Program Files\Java\jdk1.8.0_112\jre\lib\resources.jar;F:\My Installed Programs\Program Files\Java\jdk1.8.0_112\jre\lib\rt.jar;F:\My Installed Programs\Program Files\Java\jdk1.8.0_112\jre\lib\jsse.jar;F:\My Installed Programs\Program Files\Java\jdk1.8.0_112\jre\lib\jce.jar;F:\My Installed Programs\Program Files\Java\jdk1.8.0_112\jre\lib\charsets.jar;F:\My Installed Programs\Program Files\Java\jdk1.8.0_112\jre\lib\jfr.jar;F:\My Installed Programs\Program Files\Java\jdk1.8.0_112\jre\lib\ext\access-bridge-64.jar;F:\My Installed Programs\Program Files\Java\jdk1.8.0_112\jre\lib\ext\cldrdata.jar;F:\My Installed Programs\Program Files\Java\jdk1.8.0_112\jre\lib\ext\dnsns.jar;F:\My Installed Programs\Program Files\Java\jdk1.8.0_112\jre\lib\ext\jaccess.jar;F:\My Installed Programs\Program Files\Java\jdk1.8.0_112\jre\lib\ext\jfxrt.jar;F:\My Installed Programs\Program Files\Java\jdk1.8.0_112\jre\lib\ext\localedata.jar;F:\My Installed Programs\Program Files\Java\jdk1.8.0_112\jre\lib\ext\nashorn.jar;F:\My Installed Programs\Program Files\Java\jdk1.8.0_112\jre\lib\ext\sunec.jar;F:\My Installed Programs\Program Files\Java\jdk1.8.0_112\jre\lib\ext\sunjce_provider.jar;F:\My Installed Programs\Program Files\Java\jdk1.8.0_112\jre\lib\ext\sunmscapi.jar;F:\My Installed Programs\Program Files\Java\jdk1.8.0_112\jre\lib\ext\sunpkcs11.jar;F:\My Installed Programs\Program Files\Java\jdk1.8.0_112\jre\lib\ext\zipfs.jar;F:\My map\Jave_workspace\testArkivItApp\target\classes;F:\My map\Jave_workspace\testArkivItApp\lib\jxl-2.6.jar;F:\My map\Jave_workspace\testArkivItApp\lib\commons-io-2.6.jar;F:\My map\Jave_workspace\testArkivItApp\lib\commons-io-2.6-test-sources.jar;F:\My map\Jave_workspace\testArkivItApp\lib\commons-io-2.6-tests.jar;F:\My map\Jave_workspace\testArkivItApp\lib\commons-io-2.6-sources.jar;F:\My map\Jave_workspace\testArkivItApp\lib\commons-io-2.6-javadoc.jar;C:\Users\Saikat\.m2\repository\net\sourceforge\jexcelapi\jxl\2.6.12\jxl-
Launcher Type: SUN_STANDARD

Environment Variables:
PATH=F:/My Installed Programs/Program Files/Java/jdk1.8.0_112/jre/bin/server;F:/My Installed Programs/Program Files/Java/jdk1.8.0_112/jre/bin;F:/My Installed Programs/Program Files/Java/jdk1.8.0_112/jre/lib/amd64;C:\Windows\system32;C:\Windows;C:\Windows\System32\Wbem;C:\Windows\System32\WindowsPowerShell\v1.0\;C:\Program Files (x86)\NVIDIA Corporation\PhysX\Common;C:\Program Files\nodejs\;C:\WINDOWS\system32;C:\WINDOWS;C:\WINDOWS\System32\Wbem;C:\WINDOWS\System32\WindowsPowerShell\v1.0\;C:\Users\Saikat\AppData\Local\Microsoft\WindowsApps;C:\Users\Saikat\AppData\Roaming\npm;;C:\WINDOWS\System32;
USERNAME=Saikat
OS=Windows_NT
PROCESSOR_IDENTIFIER=Intel64 Family 6 Model 60 Stepping 3, GenuineIntel



---------------  S Y S T E M  ---------------

OS: Windows 10.0 , 64 bit Build 16299 (10.0.16299.15)

CPU:total 4 (4 cores per cpu, 1 threads per core) family 6 model 60 stepping 3, cmov, cx8, fxsr, mmx, sse, sse2, sse3, ssse3, sse4.1, sse4.2, popcnt, avx, avx2, aes, clmul, erms, lzcnt, tsc, tscinvbit, bmi1, bmi2

Memory: 4k page, physical 16687716k(10675160k free), swap 19178084k(12390824k free)

vm_info: Java HotSpot(TM) 64-Bit Server VM (25.112-b15) for windows-amd64 JRE (1.8.0_112-b15), built on Sep 22 2016 21:31:56 by "java_re" with MS VC++ 10.0 (VS2010)

time: Fri Feb 09 12:15:39 2018
elapsed time: 94 seconds (0d 0h 1m 34s)

