#
# A fatal error has been detected by the Java Runtime Environment:
#
#  EXCEPTION_ACCESS_VIOLATION (0xc0000005) at pc=0x000000006ee76520, pid=8552, tid=0x0000000000001a4c
#
# JRE version: Java(TM) SE Runtime Environment (8.0_112-b15) (build 1.8.0_112-b15)
# Java VM: Java HotSpot(TM) 64-Bit Server VM (25.112-b15 mixed mode windows-amd64 compressed oops)
# Problematic frame:
# C  0x000000006ee76520
#
# Failed to write core dump. Minidumps are not enabled by default on client versions of Windows
#
# If you would like to submit a bug report, please visit:
#   http://bugreport.java.com/bugreport/crash.jsp
# The crash happened outside the Java Virtual Machine in native code.
# See problematic frame for where to report the bug.
#

---------------  T H R E A D  ---------------

Current thread (0x00000000211f1800):  JavaThread "JavaFX Application Thread" [_thread_in_native, id=6732, stack(0x000000002a350000,0x000000002a450000)]

siginfo: ExceptionCode=0xc0000005, reading address 0xffffffffffffffff

Registers:
RAX=0x0000000029070d90, RBX=0x0000000032fc9d90, RCX=0x0000000029070d90, RDX=0x0000000000000009
RSP=0x000000002a44b7f0, RBP=0x00000000290704d0, RSI=0x0000000029071d90, RDI=0x0000000000000004
R8 =0x000000006ee77580, R9 =0x000000006ee76490, R10=0x0000000029073b20, R11=0x00000000327fb470
R12=0x00000000327fbc70, R13=0x0000000000000004, R14=0x0000000000000184, R15=0x000000006fab8f20
RIP=0x000000006ee76520, EFLAGS=0x0000000000010202

Top of Stack: (sp=0x000000002a44b7f0)
0x000000002a44b7f0:   000000006ee76665 000000006ee774c5
0x000000002a44b800:   000000006ee77505 000000006ee77545
0x000000002a44b810:   000000006ee77585 000000006ee79426
0x000000002a44b820:   000000006fa67a80 0000000029070d90
0x000000002a44b830:   0000000032fcc250 000000073e54e6ce
0x000000002a44b840:   3fe0000000000000 0000000000000000
0x000000002a44b850:   40c7760000000000 0000000000000000
0x000000002a44b860:   0002000200020002 0000000000000000
0x000000002a44b870:   0000000032fcd250 000000006ea45d24
0x000000002a44b880:   3f40000000000000 0000000200000000
0x000000002a44b890:   3fe0000000000000 0000000000000000
0x000000002a44b8a0:   40c7760000000000 0000000000000000
0x000000002a44b8b0:   0000000032fd6150 000000006fab7320
0x000000002a44b8c0:   0000000000000000 0000000032fc9cf0
0x000000002a44b8d0:   0000000000000000 00000000290704d0
0x000000002a44b8e0:   00000000290704d0 0000000000000000 

Instructions: (pc=0x000000006ee76520)
0x000000006ee76500:   c4 e3 5d 0c c0 55 c5 e4 5c c8 c5 e4 58 c0 c5 fc
0x000000006ee76510:   29 01 c5 fc 29 49 20 c3 0f 1f 84 00 00 00 00 00
0x000000006ee76520:   c5 fc 28 51 40 c5 fc 28 59 60 c5 ec 5c fb c5 ec
0x000000006ee76530:   58 d3 c5 c4 57 3d 26 41 84 00 c5 ec c6 df be c5 


Register to memory mapping:

RAX=0x0000000029070d90 is an unknown value
RBX=0x0000000032fc9d90 is an unknown value
RCX=0x0000000029070d90 is an unknown value
RDX=0x0000000000000009 is an unknown value
RSP=0x000000002a44b7f0 is pointing into the stack for thread: 0x00000000211f1800
RBP=0x00000000290704d0 is an unknown value
RSI=0x0000000029071d90 is an unknown value
RDI=0x0000000000000004 is an unknown value
R8 =0x000000006ee77580 is an unknown value
R9 =0x000000006ee76490 is an unknown value
R10=0x0000000029073b20 is an unknown value
R11=0x00000000327fb470 is an unknown value
R12=0x00000000327fbc70 is an unknown value
R13=0x0000000000000004 is an unknown value
R14=0x0000000000000184 is an unknown value
R15=0x000000006fab8f20 is an unknown value


Stack: [0x000000002a350000,0x000000002a450000],  sp=0x000000002a44b7f0,  free space=1005k
Native frames: (J=compiled Java code, j=interpreted, Vv=VM code, C=native code)
C  0x000000006ee76520

Java frames: (J=compiled Java code, j=interpreted, Vv=VM code)
j  com.xuggle.xuggler.XugglerJNI.IContainer_open__SWIG_0(JLcom/xuggle/xuggler/IContainer;Ljava/lang/String;IJLcom/xuggle/xuggler/IContainerFormat;)I+0
j  com.xuggle.xuggler.IContainer.open(Ljava/lang/String;Lcom/xuggle/xuggler/IContainer$Type;Lcom/xuggle/xuggler/IContainerFormat;)I+15
j  com.arkivit.model.FileDuration.CheckFileDuration(Ljava/lang/String;)V+13
j  com.arkivit.model.MetadataToExcelGUI.checkForAudioVideoDuration(Ljava/io/File;)V+176
j  com.arkivit.model.MetadataToExcelGUI.getAndAddFileDataToList()V+61
j  com.arkivit.model.MetadataToExcelGUI.init()V+27
j  com.arkivit.controller.ExcelControllerFX.createButton(Ljavafx/event/ActionEvent;)V+75
j  com.arkivit.controller.ExcelControllerFX.access$3(Lcom/arkivit/controller/ExcelControllerFX;Ljavafx/event/ActionEvent;)V+2
j  com.arkivit.controller.ExcelControllerFX$ActionListen.handle(Ljavafx/event/ActionEvent;)V+210
j  com.arkivit.controller.ExcelControllerFX$ActionListen.handle(Ljavafx/event/Event;)V+5
J 3749 C2 com.sun.javafx.event.EventHandlerManager.dispatchBubblingEvent(Ljavafx/event/Event;)Ljavafx/event/Event; (23 bytes) @ 0x0000000005eddb24 [0x0000000005edd460+0x6c4]
J 2088 C1 com.sun.javafx.event.CompositeEventDispatcher.dispatchBubblingEvent(Ljavafx/event/Event;)Ljavafx/event/Event; (35 bytes) @ 0x00000000059dfb9c [0x00000000059df9e0+0x1bc]
J 3636 C2 com.sun.javafx.event.BasicEventDispatcher.dispatchEvent(Ljavafx/event/Event;Ljavafx/event/EventDispatchChain;)Ljavafx/event/Event; (44 bytes) @ 0x0000000005e8eae0 [0x0000000005e8e9a0+0x140]
J 3636 C2 com.sun.javafx.event.BasicEventDispatcher.dispatchEvent(Ljavafx/event/Event;Ljavafx/event/EventDispatchChain;)Ljavafx/event/Event; (44 bytes) @ 0x0000000005e8ea90 [0x0000000005e8e9a0+0xf0]
J 3636 C2 com.sun.javafx.event.BasicEventDispatcher.dispatchEvent(Ljavafx/event/Event;Ljavafx/event/EventDispatchChain;)Ljavafx/event/Event; (44 bytes) @ 0x0000000005e8ea90 [0x0000000005e8e9a0+0xf0]
J 2870 C2 com.sun.javafx.event.EventDispatchChainImpl.dispatchEvent(Ljavafx/event/Event;)Ljavafx/event/Event; (101 bytes) @ 0x0000000005c03398 [0x0000000005c032e0+0xb8]
J 2263 C1 com.sun.javafx.event.EventUtil.fireEvent(Ljavafx/event/EventTarget;Ljavafx/event/Event;)Ljavafx/event/Event; (81 bytes) @ 0x0000000005a4548c [0x0000000005a448a0+0xbec]
J 2173 C1 javafx.event.Event.fireEvent(Ljavafx/event/EventTarget;Ljavafx/event/Event;)V (35 bytes) @ 0x0000000005a068ac [0x0000000005a067e0+0xcc]
j  javafx.scene.Node.fireEvent(Ljavafx/event/Event;)V+86
j  javafx.scene.control.Button.fire()V+15
j  com.sun.javafx.scene.control.behavior.ButtonBehavior.mouseReleased(Ljavafx/scene/input/MouseEvent;)V+23
j  com.sun.javafx.scene.control.skin.BehaviorSkinBase$1.handle(Ljavafx/scene/input/MouseEvent;)V+83
j  com.sun.javafx.scene.control.skin.BehaviorSkinBase$1.handle(Ljavafx/event/Event;)V+5
J 3749 C2 com.sun.javafx.event.EventHandlerManager.dispatchBubblingEvent(Ljavafx/event/Event;)Ljavafx/event/Event; (23 bytes) @ 0x0000000005edd640 [0x0000000005edd460+0x1e0]
J 2088 C1 com.sun.javafx.event.CompositeEventDispatcher.dispatchBubblingEvent(Ljavafx/event/Event;)Ljavafx/event/Event; (35 bytes) @ 0x00000000059dfb9c [0x00000000059df9e0+0x1bc]
J 3636 C2 com.sun.javafx.event.BasicEventDispatcher.dispatchEvent(Ljavafx/event/Event;Ljavafx/event/EventDispatchChain;)Ljavafx/event/Event; (44 bytes) @ 0x0000000005e8eae0 [0x0000000005e8e9a0+0x140]
J 3636 C2 com.sun.javafx.event.BasicEventDispatcher.dispatchEvent(Ljavafx/event/Event;Ljavafx/event/EventDispatchChain;)Ljavafx/event/Event; (44 bytes) @ 0x0000000005e8ea90 [0x0000000005e8e9a0+0xf0]
J 3636 C2 com.sun.javafx.event.BasicEventDispatcher.dispatchEvent(Ljavafx/event/Event;Ljavafx/event/EventDispatchChain;)Ljavafx/event/Event; (44 bytes) @ 0x0000000005e8ea90 [0x0000000005e8e9a0+0xf0]
J 2870 C2 com.sun.javafx.event.EventDispatchChainImpl.dispatchEvent(Ljavafx/event/Event;)Ljavafx/event/Event; (101 bytes) @ 0x0000000005c03398 [0x0000000005c032e0+0xb8]
J 2263 C1 com.sun.javafx.event.EventUtil.fireEvent(Ljavafx/event/EventTarget;Ljavafx/event/Event;)Ljavafx/event/Event; (81 bytes) @ 0x0000000005a44fe4 [0x0000000005a448a0+0x744]
J 2220 C1 javafx.scene.Scene$MouseHandler.process(Ljavafx/scene/input/MouseEvent;Z)V (735 bytes) @ 0x0000000005a2a73c [0x0000000005a27c80+0x2abc]
J 2468 C1 javafx.scene.Scene$ScenePeerListener.mouseEvent(Ljavafx/event/EventType;DDDDLjavafx/scene/input/MouseButton;ZZZZZZZZZ)V (50 bytes) @ 0x0000000005ac81ec [0x0000000005ac7f20+0x2cc]
J 2463 C1 com.sun.javafx.tk.quantum.GlassViewEventHandler$MouseEventNotification.run()Ljava/lang/Void; (567 bytes) @ 0x0000000005acbf34 [0x0000000005acb160+0xdd4]
J 2462 C1 com.sun.javafx.tk.quantum.GlassViewEventHandler$MouseEventNotification.run()Ljava/lang/Object; (5 bytes) @ 0x0000000005ac988c [0x0000000005ac9800+0x8c]
v  ~StubRoutines::call_stub
J 1993  java.security.AccessController.doPrivileged(Ljava/security/PrivilegedAction;Ljava/security/AccessControlContext;)Ljava/lang/Object; (0 bytes) @ 0x00000000059a8ce6 [0x00000000059a8c80+0x66]
J 2302 C1 com.sun.javafx.tk.quantum.GlassViewEventHandler$$Lambda$227.get()Ljava/lang/Object; (8 bytes) @ 0x0000000005a67c0c [0x0000000005a67a20+0x1ec]
J 2208 C1 com.sun.javafx.tk.quantum.QuantumToolkit.runWithoutRenderLock(Ljava/util/function/Supplier;)Ljava/lang/Object; (49 bytes) @ 0x0000000005a202a4 [0x0000000005a1fd60+0x544]
J 2299 C1 com.sun.javafx.tk.quantum.GlassViewEventHandler.handleMouseEvent(Lcom/sun/glass/ui/View;JIIIIIIIZZ)V (108 bytes) @ 0x0000000005a66aa4 [0x0000000005a66680+0x424]
J 2222 C1 com.sun.glass.ui.View.notifyMouse(IIIIIIIZZ)V (221 bytes) @ 0x0000000005a2eb5c [0x0000000005a2da60+0x10fc]
v  ~StubRoutines::call_stub
j  com.sun.glass.ui.win.WinApplication._runLoop(Ljava/lang/Runnable;)V+0
j  com.sun.glass.ui.win.WinApplication.lambda$null$148(ILjava/lang/Runnable;)V+8
j  com.sun.glass.ui.win.WinApplication$$Lambda$64.run()V+12
j  java.lang.Thread.run()V+11
v  ~StubRoutines::call_stub

---------------  P R O C E S S  ---------------

Java Threads: ( => current thread )
  0x00000000211f3000 JavaThread "Prism Font Disposer" daemon [_thread_blocked, id=6108, stack(0x000000002caf0000,0x000000002cbf0000)]
  0x00000000211ee800 JavaThread "Thread-5" daemon [_thread_in_native, id=4816, stack(0x000000002ac50000,0x000000002ad50000)]
=>0x00000000211f1800 JavaThread "JavaFX Application Thread" [_thread_in_native, id=6732, stack(0x000000002a350000,0x000000002a450000)]
  0x000000002217b800 JavaThread "Thread-4" daemon [_thread_blocked, id=4228, stack(0x000000002a250000,0x000000002a350000)]
  0x0000000021193000 JavaThread "JavaFX-Launcher" [_thread_blocked, id=13088, stack(0x000000002a150000,0x000000002a250000)]
  0x0000000021197800 JavaThread "Swing-Shell" daemon [_thread_blocked, id=632, stack(0x0000000029090000,0x0000000029190000)]
  0x0000000021227000 JavaThread "AWT-Windows" daemon [_thread_in_native, id=9184, stack(0x0000000022e20000,0x0000000022f20000)]
  0x0000000021e0e000 JavaThread "Java2D Disposer" daemon [_thread_blocked, id=11016, stack(0x0000000022c20000,0x0000000022d20000)]
  0x00000000215c0000 JavaThread "QuantumRenderer-0" daemon [_thread_blocked, id=9452, stack(0x0000000022180000,0x0000000022280000)]
  0x00000000203d8800 JavaThread "Service Thread" daemon [_thread_blocked, id=2132, stack(0x00000000207b0000,0x00000000208b0000)]
  0x000000001e96b800 JavaThread "C1 CompilerThread2" daemon [_thread_blocked, id=8632, stack(0x00000000202b0000,0x00000000203b0000)]
  0x000000001e964000 JavaThread "C2 CompilerThread1" daemon [_thread_blocked, id=11516, stack(0x00000000201b0000,0x00000000202b0000)]
  0x000000001e962000 JavaThread "C2 CompilerThread0" daemon [_thread_blocked, id=9580, stack(0x00000000200b0000,0x00000000201b0000)]
  0x000000001e961000 JavaThread "Attach Listener" daemon [_thread_blocked, id=5252, stack(0x000000001ffb0000,0x00000000200b0000)]
  0x000000001e960000 JavaThread "Signal Dispatcher" daemon [_thread_blocked, id=8464, stack(0x000000001feb0000,0x000000001ffb0000)]
  0x000000001e94a800 JavaThread "Finalizer" daemon [_thread_blocked, id=7020, stack(0x000000001fbc0000,0x000000001fcc0000)]
  0x0000000005283000 JavaThread "Reference Handler" daemon [_thread_blocked, id=1544, stack(0x000000001fac0000,0x000000001fbc0000)]
  0x000000000530e800 JavaThread "main" [_thread_blocked, id=11124, stack(0x00000000038c0000,0x00000000039c0000)]

Other Threads:
  0x000000001e926000 VMThread [stack: 0x000000001f9c0000,0x000000001fac0000] [id=6112]
  0x000000002040a000 WatcherThread [stack: 0x00000000208b0000,0x00000000209b0000] [id=1504]

VM state:not at safepoint (normal execution)

VM Mutex/Monitor currently owned by a thread: None

Heap:
 PSYoungGen      total 229376K, used 184169K [0x000000076b180000, 0x000000077a280000, 0x00000007c0000000)
  eden space 219136K, 79% used [0x000000076b180000,0x0000000775b92688,0x0000000778780000)
  from space 10240K, 97% used [0x0000000779880000,0x000000077a247f40,0x000000077a280000)
  to   space 11776K, 0% used [0x0000000778b80000,0x0000000778b80000,0x0000000779700000)
 ParOldGen       total 126976K, used 7696K [0x00000006c1400000, 0x00000006c9000000, 0x000000076b180000)
  object space 126976K, 6% used [0x00000006c1400000,0x00000006c1b840a0,0x00000006c9000000)
 Metaspace       used 28186K, capacity 29122K, committed 29232K, reserved 1075200K
  class space    used 3835K, capacity 4077K, committed 4144K, reserved 1048576K

Card table byte_map: [0x0000000014710000,0x0000000014f10000] byte_map_base: 0x0000000011106000

Marking Bits: (ParMarkBitMap*) 0x000000006329a6d0
 Begin Bits: [0x0000000015860000, 0x0000000019810000)
 End Bits:   [0x0000000019810000, 0x000000001d7c0000)

Polling page: 0x00000000039c0000

CodeCache: size=245760Kb used=12358Kb max_used=12823Kb free=233401Kb
 bounds [0x0000000005350000, 0x0000000005fe0000, 0x0000000014350000]
 total_blobs=4797 nmethods=3935 adapters=772
 compilation: enabled

Compilation events (10 events):
Event: 52.774 Thread 0x000000001e96b800 nmethod 4179 0x000000000545fad0 code [0x000000000545fc20, 0x000000000545fd30]
Event: 52.779 Thread 0x000000001e962000 nmethod 4178 0x00000000054a3590 code [0x00000000054a3780, 0x00000000054a4708]
Event: 52.853 Thread 0x000000001e96b800 4180       3       java.util.regex.Pattern::sequence (553 bytes)
Event: 52.855 Thread 0x000000001e96b800 nmethod 4180 0x00000000059b69d0 code [0x00000000059b6f40, 0x00000000059ba1e8]
Event: 52.857 Thread 0x000000001e96b800 4181       3       java.util.regex.Pattern$GroupHead::match (47 bytes)
Event: 52.857 Thread 0x000000001e96b800 nmethod 4181 0x00000000054a2f90 code [0x00000000054a3100, 0x00000000054a33a8]
Event: 52.929 Thread 0x000000001e96b800 4182       3       java.util.regex.Pattern$LastNode::match (45 bytes)
Event: 52.929 Thread 0x000000001e964000 4183       4       java.lang.String::codePointAt (36 bytes)
Event: 52.929 Thread 0x000000001e96b800 nmethod 4182 0x00000000057adb50 code [0x00000000057adcc0, 0x00000000057adef0]
Event: 52.929 Thread 0x000000001e964000 nmethod 4183 0x0000000005834410 code [0x0000000005834560, 0x0000000005834658]

GC Heap History (10 events):
Event: 49.084 GC heap before
{Heap before GC invocations=7 (full 1):
 PSYoungGen      total 95744K, used 94943K [0x000000076b180000, 0x0000000773e80000, 0x00000007c0000000)
  eden space 84992K, 100% used [0x000000076b180000,0x0000000770480000,0x0000000770480000)
  from space 10752K, 92% used [0x0000000770480000,0x0000000770e37f40,0x0000000770f00000)
  to   space 10752K, 0% used [0x0000000773400000,0x0000000773400000,0x0000000773e80000)
 ParOldGen       total 126976K, used 7688K [0x00000006c1400000, 0x00000006c9000000, 0x000000076b180000)
  object space 126976K, 6% used [0x00000006c1400000,0x00000006c1b820a0,0x00000006c9000000)
 Metaspace       used 26264K, capacity 27202K, committed 27440K, reserved 1073152K
  class space    used 3640K, capacity 3885K, committed 3888K, reserved 1048576K
Event: 49.088 GC heap after
Heap after GC invocations=7 (full 1):
 PSYoungGen      total 133120K, used 9983K [0x000000076b180000, 0x0000000774180000, 0x00000007c0000000)
  eden space 122368K, 0% used [0x000000076b180000,0x000000076b180000,0x0000000772900000)
  from space 10752K, 92% used [0x0000000773400000,0x0000000773dbff40,0x0000000773e80000)
  to   space 11264K, 0% used [0x0000000772900000,0x0000000772900000,0x0000000773400000)
 ParOldGen       total 126976K, used 7688K [0x00000006c1400000, 0x00000006c9000000, 0x000000076b180000)
  object space 126976K, 6% used [0x00000006c1400000,0x00000006c1b820a0,0x00000006c9000000)
 Metaspace       used 26264K, capacity 27202K, committed 27440K, reserved 1073152K
  class space    used 3640K, capacity 3885K, committed 3888K, reserved 1048576K
}
Event: 49.309 GC heap before
{Heap before GC invocations=8 (full 1):
 PSYoungGen      total 133120K, used 132351K [0x000000076b180000, 0x0000000774180000, 0x00000007c0000000)
  eden space 122368K, 100% used [0x000000076b180000,0x0000000772900000,0x0000000772900000)
  from space 10752K, 92% used [0x0000000773400000,0x0000000773dbff40,0x0000000773e80000)
  to   space 11264K, 0% used [0x0000000772900000,0x0000000772900000,0x0000000773400000)
 ParOldGen       total 126976K, used 7688K [0x00000006c1400000, 0x00000006c9000000, 0x000000076b180000)
  object space 126976K, 6% used [0x00000006c1400000,0x00000006c1b820a0,0x00000006c9000000)
 Metaspace       used 26264K, capacity 27202K, committed 27440K, reserved 1073152K
  class space    used 3640K, capacity 3885K, committed 3888K, reserved 1048576K
Event: 49.313 GC heap after
Heap after GC invocations=8 (full 1):
 PSYoungGen      total 133632K, used 9951K [0x000000076b180000, 0x0000000777600000, 0x00000007c0000000)
  eden space 122368K, 0% used [0x000000076b180000,0x000000076b180000,0x0000000772900000)
  from space 11264K, 88% used [0x0000000772900000,0x00000007732b7f40,0x0000000773400000)
  to   space 11264K, 0% used [0x0000000776b00000,0x0000000776b00000,0x0000000777600000)
 ParOldGen       total 126976K, used 7688K [0x00000006c1400000, 0x00000006c9000000, 0x000000076b180000)
  object space 126976K, 6% used [0x00000006c1400000,0x00000006c1b820a0,0x00000006c9000000)
 Metaspace       used 26264K, capacity 27202K, committed 27440K, reserved 1073152K
  class space    used 3640K, capacity 3885K, committed 3888K, reserved 1048576K
}
Event: 49.523 GC heap before
{Heap before GC invocations=9 (full 1):
 PSYoungGen      total 133632K, used 132319K [0x000000076b180000, 0x0000000777600000, 0x00000007c0000000)
  eden space 122368K, 100% used [0x000000076b180000,0x0000000772900000,0x0000000772900000)
  from space 11264K, 88% used [0x0000000772900000,0x00000007732b7f40,0x0000000773400000)
  to   space 11264K, 0% used [0x0000000776b00000,0x0000000776b00000,0x0000000777600000)
 ParOldGen       total 126976K, used 7688K [0x00000006c1400000, 0x00000006c9000000, 0x000000076b180000)
  object space 126976K, 6% used [0x00000006c1400000,0x00000006c1b820a0,0x00000006c9000000)
 Metaspace       used 26267K, capacity 27202K, committed 27440K, reserved 1073152K
  class space    used 3640K, capacity 3885K, committed 3888K, reserved 1048576K
Event: 49.527 GC heap after
Heap after GC invocations=9 (full 1):
 PSYoungGen      total 189440K, used 9983K [0x000000076b180000, 0x0000000777680000, 0x00000007c0000000)
  eden space 178176K, 0% used [0x000000076b180000,0x000000076b180000,0x0000000775f80000)
  from space 11264K, 88% used [0x0000000776b00000,0x00000007774bff40,0x0000000777600000)
  to   space 11776K, 0% used [0x0000000775f80000,0x0000000775f80000,0x0000000776b00000)
 ParOldGen       total 126976K, used 7688K [0x00000006c1400000, 0x00000006c9000000, 0x000000076b180000)
  object space 126976K, 6% used [0x00000006c1400000,0x00000006c1b820a0,0x00000006c9000000)
 Metaspace       used 26267K, capacity 27202K, committed 27440K, reserved 1073152K
  class space    used 3640K, capacity 3885K, committed 3888K, reserved 1048576K
}
Event: 49.838 GC heap before
{Heap before GC invocations=10 (full 1):
 PSYoungGen      total 189440K, used 188159K [0x000000076b180000, 0x0000000777680000, 0x00000007c0000000)
  eden space 178176K, 100% used [0x000000076b180000,0x0000000775f80000,0x0000000775f80000)
  from space 11264K, 88% used [0x0000000776b00000,0x00000007774bff40,0x0000000777600000)
  to   space 11776K, 0% used [0x0000000775f80000,0x0000000775f80000,0x0000000776b00000)
 ParOldGen       total 126976K, used 7688K [0x00000006c1400000, 0x00000006c9000000, 0x000000076b180000)
  object space 126976K, 6% used [0x00000006c1400000,0x00000006c1b820a0,0x00000006c9000000)
 Metaspace       used 26267K, capacity 27202K, committed 27440K, reserved 1073152K
  class space    used 3640K, capacity 3885K, committed 3888K, reserved 1048576K
Event: 49.842 GC heap after
Heap after GC invocations=10 (full 1):
 PSYoungGen      total 189952K, used 9983K [0x000000076b180000, 0x000000077a400000, 0x00000007c0000000)
  eden space 178176K, 0% used [0x000000076b180000,0x000000076b180000,0x0000000775f80000)
  from space 11776K, 84% used [0x0000000775f80000,0x000000077693ff40,0x0000000776b00000)
  to   space 11776K, 0% used [0x0000000779880000,0x0000000779880000,0x000000077a400000)
 ParOldGen       total 126976K, used 7688K [0x00000006c1400000, 0x00000006c9000000, 0x000000076b180000)
  object space 126976K, 6% used [0x00000006c1400000,0x00000006c1b820a0,0x00000006c9000000)
 Metaspace       used 26267K, capacity 27202K, committed 27440K, reserved 1073152K
  class space    used 3640K, capacity 3885K, committed 3888K, reserved 1048576K
}
Event: 50.940 GC heap before
{Heap before GC invocations=11 (full 1):
 PSYoungGen      total 189952K, used 188159K [0x000000076b180000, 0x000000077a400000, 0x00000007c0000000)
  eden space 178176K, 100% used [0x000000076b180000,0x0000000775f80000,0x0000000775f80000)
  from space 11776K, 84% used [0x0000000775f80000,0x000000077693ff40,0x0000000776b00000)
  to   space 11776K, 0% used [0x0000000779880000,0x0000000779880000,0x000000077a400000)
 ParOldGen       total 126976K, used 7688K [0x00000006c1400000, 0x00000006c9000000, 0x000000076b180000)
  object space 126976K, 6% used [0x00000006c1400000,0x00000006c1b820a0,0x00000006c9000000)
 Metaspace       used 26314K, capacity 27266K, committed 27440K, reserved 1073152K
  class space    used 3640K, capacity 3885K, committed 3888K, reserved 1048576K
Event: 50.944 GC heap after
Heap after GC invocations=11 (full 1):
 PSYoungGen      total 229376K, used 10015K [0x000000076b180000, 0x000000077a280000, 0x00000007c0000000)
  eden space 219136K, 0% used [0x000000076b180000,0x000000076b180000,0x0000000778780000)
  from space 10240K, 97% used [0x0000000779880000,0x000000077a247f40,0x000000077a280000)
  to   space 11776K, 0% used [0x0000000778b80000,0x0000000778b80000,0x0000000779700000)
 ParOldGen       total 126976K, used 7696K [0x00000006c1400000, 0x00000006c9000000, 0x000000076b180000)
  object space 126976K, 6% used [0x00000006c1400000,0x00000006c1b840a0,0x00000006c9000000)
 Metaspace       used 26314K, capacity 27266K, committed 27440K, reserved 1073152K
  class space    used 3640K, capacity 3885K, committed 3888K, reserved 1048576K
}

Deoptimization events (10 events):
Event: 52.679 Thread 0x00000000211f1800 Uncommon trap: reason=bimorphic action=maybe_recompile pc=0x0000000005f43008 method=java.util.regex.Pattern$BmpCharProperty.match(Ljava/util/regex/Matcher;ILjava/lang/CharSequence;)Z @ 31
Event: 52.679 Thread 0x00000000211f1800 Uncommon trap: reason=class_check action=maybe_recompile pc=0x0000000005fb2e40 method=java.util.regex.Pattern$Curly.match0(Ljava/util/regex/Matcher;IILjava/lang/CharSequence;)Z @ 31
Event: 52.679 Thread 0x00000000211f1800 Uncommon trap: reason=bimorphic action=maybe_recompile pc=0x0000000005f42fc4 method=java.util.regex.Pattern$BmpCharProperty.match(Ljava/util/regex/Matcher;ILjava/lang/CharSequence;)Z @ 16
Event: 52.679 Thread 0x00000000211f1800 Uncommon trap: reason=bimorphic action=maybe_recompile pc=0x0000000005f42fc4 method=java.util.regex.Pattern$BmpCharProperty.match(Ljava/util/regex/Matcher;ILjava/lang/CharSequence;)Z @ 16
Event: 52.679 Thread 0x00000000211f1800 Uncommon trap: reason=class_check action=maybe_recompile pc=0x0000000005fb2e40 method=java.util.regex.Pattern$Curly.match0(Ljava/util/regex/Matcher;IILjava/lang/CharSequence;)Z @ 31
Event: 52.679 Thread 0x00000000211f1800 Uncommon trap: reason=class_check action=maybe_recompile pc=0x0000000005f2692c method=java.util.regex.Pattern$CharProperty.match(Ljava/util/regex/Matcher;ILjava/lang/CharSequence;)Z @ 37
Event: 52.680 Thread 0x00000000211f1800 Uncommon trap: reason=class_check action=maybe_recompile pc=0x0000000005fb2e40 method=java.util.regex.Pattern$Curly.match0(Ljava/util/regex/Matcher;IILjava/lang/CharSequence;)Z @ 31
Event: 52.680 Thread 0x00000000211f1800 Uncommon trap: reason=class_check action=maybe_recompile pc=0x0000000005f2692c method=java.util.regex.Pattern$CharProperty.match(Ljava/util/regex/Matcher;ILjava/lang/CharSequence;)Z @ 37
Event: 52.680 Thread 0x00000000211f1800 Uncommon trap: reason=class_check action=maybe_recompile pc=0x0000000005f2692c method=java.util.regex.Pattern$CharProperty.match(Ljava/util/regex/Matcher;ILjava/lang/CharSequence;)Z @ 37
Event: 52.729 Thread 0x00000000211f1800 Uncommon trap: reason=class_check action=maybe_recompile pc=0x0000000005f2692c method=java.util.regex.Pattern$CharProperty.match(Ljava/util/regex/Matcher;ILjava/lang/CharSequence;)Z @ 37

Internal exceptions (10 events):
Event: 0.336 Thread 0x000000000530e800 Exception <a 'java/lang/NullPointerException'> (0x000000076c05c960) thrown at [C:\re\workspace\8-2-build-windows-amd64-cygwin\jdk8u112\7884\hotspot\src\share\vm\prims\jvm.cpp, line 1394]
Event: 0.365 Thread 0x000000000530e800 Exception <a 'java/io/FileNotFoundException'> (0x000000076c2761d8) thrown at [C:\re\workspace\8-2-build-windows-amd64-cygwin\jdk8u112\7884\hotspot\src\share\vm\prims\jni.cpp, line 709]
Event: 0.380 Thread 0x000000000530e800 Exception <a 'java/io/FileNotFoundException'> (0x000000076c298478) thrown at [C:\re\workspace\8-2-build-windows-amd64-cygwin\jdk8u112\7884\hotspot\src\share\vm\prims\jni.cpp, line 709]
Event: 0.471 Thread 0x000000000530e800 Implicit null exception at 0x0000000005596bd5 to 0x0000000005596df5
Event: 0.471 Thread 0x000000000530e800 Implicit null exception at 0x000000000563b558 to 0x000000000563b5e6
Event: 0.784 Thread 0x0000000021193000 Exception <a 'java/lang/NullPointerException'> (0x000000076cef6a38) thrown at [C:\re\workspace\8-2-build-windows-amd64-cygwin\jdk8u112\7884\hotspot\src\share\vm\interpreter\linkResolver.cpp, line 1178]
Event: 1.038 Thread 0x00000000211f1800 Exception <a 'java/io/FileNotFoundException'> (0x000000076dd14b90) thrown at [C:\re\workspace\8-2-build-windows-amd64-cygwin\jdk8u112\7884\hotspot\src\share\vm\prims\jni.cpp, line 709]
Event: 17.108 Thread 0x00000000211f1800 Implicit null exception at 0x0000000005c4d80d to 0x0000000005c4da8d
Event: 48.522 Thread 0x00000000211f1800 Implicit null exception at 0x0000000005f5cf9b to 0x0000000005f5d45d
Event: 51.032 Thread 0x00000000211f1800 Implicit null exception at 0x00000000059e5451 to 0x00000000059e54d1

Events (10 events):
Event: 52.680 Thread 0x00000000211f1800 DEOPT PACKING pc=0x0000000005f2692c sp=0x000000002a44bf30
Event: 52.680 Thread 0x00000000211f1800 DEOPT UNPACKING pc=0x000000000539582a sp=0x000000002a44bee8 mode 2
Event: 52.680 loading class java/util/Formatter$FixedString
Event: 52.680 loading class java/util/Formatter$FixedString done
Event: 52.680 Thread 0x00000000211f1800 Uncommon trap: trap_request=0xffffffde fr.pc=0x0000000005f2692c
Event: 52.680 Thread 0x00000000211f1800 DEOPT PACKING pc=0x0000000005f2692c sp=0x000000002a44bf30
Event: 52.680 Thread 0x00000000211f1800 DEOPT UNPACKING pc=0x000000000539582a sp=0x000000002a44bee8 mode 2
Event: 52.729 Thread 0x00000000211f1800 Uncommon trap: trap_request=0xffffffde fr.pc=0x0000000005f2692c
Event: 52.729 Thread 0x00000000211f1800 DEOPT PACKING pc=0x0000000005f2692c sp=0x000000002a44bf40
Event: 52.729 Thread 0x00000000211f1800 DEOPT UNPACKING pc=0x000000000539582a sp=0x000000002a44bef8 mode 2


Dynamic libraries:
0x00007ff656be0000 - 0x00007ff656c17000 	F:\My Installed Programs\Program Files\Java\jdk1.8.0_112\bin\javaw.exe
0x00007fffde4a0000 - 0x00007fffde680000 	C:\WINDOWS\SYSTEM32\ntdll.dll
0x00007fffdd780000 - 0x00007fffdd82e000 	C:\WINDOWS\System32\KERNEL32.DLL
0x00007fffda8f0000 - 0x00007fffdab56000 	C:\WINDOWS\System32\KERNELBASE.dll
0x00007fffde200000 - 0x00007fffde2a1000 	C:\WINDOWS\System32\ADVAPI32.dll
0x00007fffddff0000 - 0x00007fffde08d000 	C:\WINDOWS\System32\msvcrt.dll
0x00007fffde090000 - 0x00007fffde0eb000 	C:\WINDOWS\System32\sechost.dll
0x00007fffddd30000 - 0x00007fffdde4f000 	C:\WINDOWS\System32\RPCRT4.dll
0x00007fffde2b0000 - 0x00007fffde43f000 	C:\WINDOWS\System32\USER32.dll
0x00007fffdab60000 - 0x00007fffdab80000 	C:\WINDOWS\System32\win32u.dll
0x00007fffdde70000 - 0x00007fffdde98000 	C:\WINDOWS\System32\GDI32.dll
0x00007fffdb7d0000 - 0x00007fffdb963000 	C:\WINDOWS\System32\gdi32full.dll
0x00007fffdac00000 - 0x00007fffdac9b000 	C:\WINDOWS\System32\msvcp_win.dll
0x00007fffdb6d0000 - 0x00007fffdb7c6000 	C:\WINDOWS\System32\ucrtbase.dll
0x00007fffc5ed0000 - 0x00007fffc6139000 	C:\WINDOWS\WinSxS\amd64_microsoft.windows.common-controls_6595b64144ccf1df_6.0.16299.192_none_15c8cdae9364c23b\COMCTL32.dll
0x00007fffdd470000 - 0x00007fffdd778000 	C:\WINDOWS\System32\combase.dll
0x00007fffdab80000 - 0x00007fffdabf2000 	C:\WINDOWS\System32\bcryptPrimitives.dll
0x00007fffde440000 - 0x00007fffde46d000 	C:\WINDOWS\System32\IMM32.DLL
0x00000000627b0000 - 0x0000000062882000 	F:\My Installed Programs\Program Files\Java\jdk1.8.0_112\jre\bin\msvcr100.dll
0x0000000062a80000 - 0x000000006331a000 	F:\My Installed Programs\Program Files\Java\jdk1.8.0_112\jre\bin\server\jvm.dll
0x00007fffdd390000 - 0x00007fffdd398000 	C:\WINDOWS\System32\PSAPI.DLL
0x00007fffcd090000 - 0x00007fffcd099000 	C:\WINDOWS\SYSTEM32\WSOCK32.dll
0x00007fffdda50000 - 0x00007fffddabc000 	C:\WINDOWS\System32\WS2_32.dll
0x00007fffd8ab0000 - 0x00007fffd8ad3000 	C:\WINDOWS\SYSTEM32\WINMM.dll
0x00007fffd5540000 - 0x00007fffd554a000 	C:\WINDOWS\SYSTEM32\VERSION.dll
0x00007fffd8a50000 - 0x00007fffd8a7a000 	C:\WINDOWS\SYSTEM32\WINMMBASE.dll
0x00007fffda8a0000 - 0x00007fffda8ea000 	C:\WINDOWS\System32\cfgmgr32.dll
0x0000000062a70000 - 0x0000000062a7f000 	F:\My Installed Programs\Program Files\Java\jdk1.8.0_112\jre\bin\verify.dll
0x0000000062a40000 - 0x0000000062a69000 	F:\My Installed Programs\Program Files\Java\jdk1.8.0_112\jre\bin\java.dll
0x0000000062a20000 - 0x0000000062a36000 	F:\My Installed Programs\Program Files\Java\jdk1.8.0_112\jre\bin\zip.dll
0x00007fffdb970000 - 0x00007fffdcda6000 	C:\WINDOWS\System32\SHELL32.dll
0x00007fffdcdb0000 - 0x00007fffdce56000 	C:\WINDOWS\System32\shcore.dll
0x00007fffdaca0000 - 0x00007fffdb3e7000 	C:\WINDOWS\System32\windows.storage.dll
0x00007fffdcee0000 - 0x00007fffdcf31000 	C:\WINDOWS\System32\shlwapi.dll
0x00007fffda880000 - 0x00007fffda891000 	C:\WINDOWS\System32\kernel.appcore.dll
0x00007fffda830000 - 0x00007fffda87c000 	C:\WINDOWS\System32\powrprof.dll
0x00007fffda810000 - 0x00007fffda82b000 	C:\WINDOWS\System32\profapi.dll
0x00007fffc3a80000 - 0x00007fffc3b6f000 	F:\My Installed Programs\Program Files\Java\jdk1.8.0_112\jre\bin\msvcr120.dll
0x00007fffc39d0000 - 0x00007fffc3a76000 	F:\My Installed Programs\Program Files\Java\jdk1.8.0_112\jre\bin\msvcp120.dll
0x0000000062780000 - 0x00000000627a2000 	F:\My Installed Programs\Program Files\Java\jdk1.8.0_112\jre\bin\prism_d3d.dll
0x00007fffc8cc0000 - 0x00007fffc8e55000 	C:\WINDOWS\system32\d3d9.dll
0x00007fffd90a0000 - 0x00007fffd90ca000 	C:\WINDOWS\SYSTEM32\dwmapi.dll
0x00007fffd8fd0000 - 0x00007fffd9065000 	C:\WINDOWS\system32\uxtheme.dll
0x00007fffd2ce0000 - 0x00007fffd2dcb000 	C:\WINDOWS\System32\DriverStore\FileRepository\nv_dispi.inf_amd64_5601d21ccd639df9\nvldumdx.dll
0x00007fffdb500000 - 0x00007fffdb6ce000 	C:\WINDOWS\System32\crypt32.dll
0x00007fffda7f0000 - 0x00007fffda802000 	C:\WINDOWS\System32\MSASN1.dll
0x00007fffdb3f0000 - 0x00007fffdb448000 	C:\WINDOWS\System32\WINTRUST.DLL
0x00007fffdde50000 - 0x00007fffdde6d000 	C:\WINDOWS\System32\imagehlp.dll
0x00007fffda250000 - 0x00007fffda267000 	C:\WINDOWS\SYSTEM32\CRYPTSP.dll
0x00007fffd9c90000 - 0x00007fffd9cc3000 	C:\WINDOWS\system32\rsaenh.dll
0x00007fffda350000 - 0x00007fffda375000 	C:\WINDOWS\SYSTEM32\bcrypt.dll
0x00007fffda240000 - 0x00007fffda24b000 	C:\WINDOWS\SYSTEM32\CRYPTBASE.dll
0x00007fffaa740000 - 0x00007fffab94a000 	C:\WINDOWS\System32\DriverStore\FileRepository\nv_dispi.inf_amd64_5601d21ccd639df9\nvd3dumx.dll
0x00007fffc3540000 - 0x00007fffc3799000 	C:\WINDOWS\system32\nvspcap64.dll
0x00007fffddea0000 - 0x00007fffddfe9000 	C:\WINDOWS\System32\ole32.dll
0x00007fffd9a40000 - 0x00007fffd9a71000 	C:\WINDOWS\SYSTEM32\ntmarta.dll
0x00000000625e0000 - 0x0000000062778000 	F:\My Installed Programs\Program Files\Java\jdk1.8.0_112\jre\bin\awt.dll
0x00007fffdd3a0000 - 0x00007fffdd465000 	C:\WINDOWS\System32\OLEAUT32.dll
0x00007fffd8cb0000 - 0x00007fffd8d38000 	C:\WINDOWS\SYSTEM32\apphelp.dll
0x00007fffb6820000 - 0x00007fffb693e000 	C:\WINDOWS\system32\opengl32.dll
0x00007fffc95e0000 - 0x00007fffc960c000 	C:\WINDOWS\SYSTEM32\GLU32.dll
0x00007fffddb20000 - 0x00007fffddc87000 	C:\WINDOWS\System32\MSCTF.dll
0x00007fffcff80000 - 0x00007fffd006b000 	C:\Program Files (x86)\NVIDIA Corporation\3D Vision\nvSCPAPI64.dll
0x00007fffdcf40000 - 0x00007fffdd38e000 	C:\WINDOWS\System32\SETUPAPI.dll
0x00007fffd3940000 - 0x00007fffd39e6000 	C:\WINDOWS\WinSxS\amd64_microsoft.windows.common-controls_6595b64144ccf1df_5.82.16299.192_none_887f70824ab5b0de\comctl32.dll
0x0000000062590000 - 0x00000000625d7000 	F:\My Installed Programs\Program Files\Java\jdk1.8.0_112\jre\bin\fontmanager.dll
0x0000000062a00000 - 0x0000000062a1a000 	F:\My Installed Programs\Program Files\Java\jdk1.8.0_112\jre\bin\net.dll
0x00007fffda080000 - 0x00007fffda0e6000 	C:\WINDOWS\system32\mswsock.dll
0x00000000629e0000 - 0x00000000629f1000 	F:\My Installed Programs\Program Files\Java\jdk1.8.0_112\jre\bin\nio.dll
0x0000000062540000 - 0x0000000062582000 	F:\My Installed Programs\Program Files\Java\jdk1.8.0_112\jre\bin\t2k.dll
0x00007fffddc90000 - 0x00007fffddd2e000 	C:\WINDOWS\System32\clbcatq.dll
0x00007fffd7520000 - 0x00007fffd76d1000 	C:\WINDOWS\SYSTEM32\PROPSYS.dll
0x00007fffbef70000 - 0x00007fffbef89000 	C:\WINDOWS\SYSTEM32\CLDAPI.dll
0x00007fffc8c50000 - 0x00007fffc8c94000 	C:\WINDOWS\SYSTEM32\AEPIC.dll
0x00007fffca5e0000 - 0x00007fffca5ea000 	C:\WINDOWS\SYSTEM32\FLTLIB.DLL
0x00007fffd43a0000 - 0x00007fffd4994000 	C:\Windows\System32\OneCoreUAPCommonProxyStub.dll
0x00007fffbd4a0000 - 0x00007fffbd5c7000 	C:\WINDOWS\system32\NetworkExplorer.dll
0x00007fffcfd10000 - 0x00007fffcfd54000 	C:\Users\Saikat\Desktop\OldNewExplorer\OldNewExplorer64.dll
0x00007fffd6b10000 - 0x00007fffd6b2b000 	C:\WINDOWS\SYSTEM32\MPR.dll
0x00007fffd3840000 - 0x00007fffd384b000 	C:\WINDOWS\System32\drprov.dll
0x00007fffd99e0000 - 0x00007fffd9a35000 	C:\WINDOWS\System32\WINSTA.dll
0x00007fffd3820000 - 0x00007fffd3836000 	C:\WINDOWS\System32\ntlanman.dll
0x00007fffd3800000 - 0x00007fffd381c000 	C:\WINDOWS\System32\davclnt.dll
0x00007fffcc540000 - 0x00007fffcc54c000 	C:\WINDOWS\System32\DAVHLPR.dll
0x00007fffd5290000 - 0x00007fffd52a7000 	C:\WINDOWS\System32\wkscli.dll
0x00007fffc75a0000 - 0x00007fffc75b2000 	C:\WINDOWS\SYSTEM32\cscapi.dll
0x00007fffd9f10000 - 0x00007fffd9f1e000 	C:\WINDOWS\System32\netutils.dll
0x00007fffc8080000 - 0x00007fffc80ca000 	C:\Windows\System32\dlnashext.dll
0x00007fffbcd10000 - 0x00007fffbcd73000 	C:\Windows\System32\PlayToDevice.dll
0x00007fffc2e40000 - 0x00007fffc2e5f000 	C:\Windows\System32\DevDispItemProvider.dll
0x00007fffd4dd0000 - 0x00007fffd4e3f000 	C:\WINDOWS\System32\MMDevApi.dll
0x00007fffda600000 - 0x00007fffda627000 	C:\WINDOWS\System32\DEVOBJ.dll
0x00007fffb3210000 - 0x00007fffb33ef000 	C:\WINDOWS\system32\wpdshext.dll
0x00007fffc63c0000 - 0x00007fffc655c000 	C:\WINDOWS\WinSxS\amd64_microsoft.windows.gdiplus_6595b64144ccf1df_1.1.16299.192_none_46b3c093edf73c09\gdiplus.dll
0x00007fffc1200000 - 0x00007fffc12a0000 	C:\Windows\System32\PortableDeviceApi.dll
0x00007fffd58c0000 - 0x00007fffd58f6000 	C:\Windows\System32\EhStorShell.dll
0x00007fffc95b0000 - 0x00007fffc95d5000 	C:\Windows\System32\EhStorAPI.dll
0x00007fffd7500000 - 0x00007fffd7513000 	C:\Windows\System32\WTSAPI32.dll
0x00007fffd0300000 - 0x00007fffd0310000 	C:\WINDOWS\SYSTEM32\LINKINFO.dll
0x00000000624f0000 - 0x0000000062533000 	F:\My Installed Programs\Program Files\Java\jdk1.8.0_112\jre\bin\glass.dll
0x00007fffde0f0000 - 0x00007fffde1fa000 	C:\WINDOWS\System32\COMDLG32.dll
0x00000000624d0000 - 0x00000000624e4000 	F:\My Installed Programs\Program Files\Java\jdk1.8.0_112\jre\bin\javafx_font.dll
0x00007fffc3230000 - 0x00007fffc353f000 	C:\WINDOWS\SYSTEM32\dwrite.dll
0x00007fffd64a0000 - 0x00007fffd664b000 	C:\WINDOWS\SYSTEM32\WindowsCodecs.dll
0x00007fffc9ca0000 - 0x00007fffc9cef000 	C:\WINDOWS\system32\dataexchange.dll
0x00007fffd7c70000 - 0x00007fffd7f51000 	C:\WINDOWS\system32\d3d11.dll
0x00007fffd8600000 - 0x00007fffd8742000 	C:\WINDOWS\system32\dcomp.dll
0x00007fffd9660000 - 0x00007fffd970f000 	C:\WINDOWS\system32\dxgi.dll
0x00007fffd9190000 - 0x00007fffd930b000 	C:\WINDOWS\system32\twinapi.appcore.dll
0x00007fffd9380000 - 0x00007fffd93a0000 	C:\WINDOWS\system32\RMCLIENT.dll
0x00007fffc0f20000 - 0x00007fffc0f54000 	C:\Program Files\Common Files\Microsoft Shared\Ink\rtscom.dll
0x00007fffc82f0000 - 0x00007fffc8388000 	C:\WINDOWS\System32\TextInputFramework.dll
0x00007fffd5c40000 - 0x00007fffd5f2e000 	C:\WINDOWS\System32\CoreUIComponents.dll
0x00007fffd8520000 - 0x00007fffd85fc000 	C:\WINDOWS\System32\CoreMessaging.dll
0x00007fffd5ad0000 - 0x00007fffd5c06000 	C:\WINDOWS\SYSTEM32\wintypes.dll
0x00000000624a0000 - 0x00000000624c3000 	F:\My Installed Programs\Program Files\Java\jdk1.8.0_112\jre\bin\javafx_iio.dll
0x0000000062480000 - 0x0000000062491000 	F:\My Installed Programs\Program Files\Java\jdk1.8.0_112\jre\bin\prism_common.dll
0x00007fffc9e00000 - 0x00007fffc9ea9000 	C:\Program Files\Common Files\microsoft shared\ink\tiptsf.dll
0x00007fffd5830000 - 0x00007fffd5874000 	C:\WINDOWS\SYSTEM32\edputil.dll
0x00007fffc4510000 - 0x00007fffc49a3000 	C:\WINDOWS\system32\explorerframe.dll
0x00007fffb5670000 - 0x00007fffb581e000 	C:\WINDOWS\system32\DUI70.dll
0x00007fffbc160000 - 0x00007fffbc1f1000 	C:\WINDOWS\system32\DUser.dll
0x00007fffc6b20000 - 0x00007fffc6b7b000 	C:\Windows\System32\thumbcache.dll
0x00007fffc7890000 - 0x00007fffc7a17000 	C:\Windows\System32\Windows.Globalization.dll
0x00007fffcae30000 - 0x00007fffcae9a000 	C:\Windows\System32\Bcp47Langs.dll
0x00007fffc6e60000 - 0x00007fffc6e90000 	C:\WINDOWS\SYSTEM32\globinputhost.dll
0x00007fffd3f10000 - 0x00007fffd3f7e000 	C:\WINDOWS\system32\OLEACC.dll
0x00007fffc6fa0000 - 0x00007fffc71a6000 	C:\Windows\System32\uiautomationcore.dll

VM Arguments:
jvm_args: -Dfile.encoding=UTF-8 
java_command: com.arkivit.main.Main
java_class_path (initial): F:\My Installed Programs\Program Files\Java\jdk1.8.0_112\jre\lib\resources.jar;F:\My Installed Programs\Program Files\Java\jdk1.8.0_112\jre\lib\rt.jar;F:\My Installed Programs\Program Files\Java\jdk1.8.0_112\jre\lib\jsse.jar;F:\My Installed Programs\Program Files\Java\jdk1.8.0_112\jre\lib\jce.jar;F:\My Installed Programs\Program Files\Java\jdk1.8.0_112\jre\lib\charsets.jar;F:\My Installed Programs\Program Files\Java\jdk1.8.0_112\jre\lib\jfr.jar;F:\My Installed Programs\Program Files\Java\jdk1.8.0_112\jre\lib\ext\access-bridge-64.jar;F:\My Installed Programs\Program Files\Java\jdk1.8.0_112\jre\lib\ext\cldrdata.jar;F:\My Installed Programs\Program Files\Java\jdk1.8.0_112\jre\lib\ext\dnsns.jar;F:\My Installed Programs\Program Files\Java\jdk1.8.0_112\jre\lib\ext\jaccess.jar;F:\My Installed Programs\Program Files\Java\jdk1.8.0_112\jre\lib\ext\jfxrt.jar;F:\My Installed Programs\Program Files\Java\jdk1.8.0_112\jre\lib\ext\localedata.jar;F:\My Installed Programs\Program Files\Java\jdk1.8.0_112\jre\lib\ext\nashorn.jar;F:\My Installed Programs\Program Files\Java\jdk1.8.0_112\jre\lib\ext\sunec.jar;F:\My Installed Programs\Program Files\Java\jdk1.8.0_112\jre\lib\ext\sunjce_provider.jar;F:\My Installed Programs\Program Files\Java\jdk1.8.0_112\jre\lib\ext\sunmscapi.jar;F:\My Installed Programs\Program Files\Java\jdk1.8.0_112\jre\lib\ext\sunpkcs11.jar;F:\My Installed Programs\Program Files\Java\jdk1.8.0_112\jre\lib\ext\zipfs.jar;F:\My map\Jave_workspace\testArkivItApp\target\classes;F:\My map\Jave_workspace\testArkivItApp\lib\jxl-2.6.jar;F:\My map\Jave_workspace\testArkivItApp\lib\commons-io-2.6.jar;F:\My map\Jave_workspace\testArkivItApp\lib\commons-io-2.6-test-sources.jar;F:\My map\Jave_workspace\testArkivItApp\lib\commons-io-2.6-tests.jar;F:\My map\Jave_workspace\testArkivItApp\lib\commons-io-2.6-sources.jar;F:\My map\Jave_workspace\testArkivItApp\lib\commons-io-2.6-javadoc.jar;C:\Users\Saikat\.m2\repository\net\sourceforge\jexcelapi\jxl\2.6.12\jxl-
Launcher Type: SUN_STANDARD

Environment Variables:
PATH=F:/My Installed Programs/Program Files/Java/jdk1.8.0_112/jre/bin/server;F:/My Installed Programs/Program Files/Java/jdk1.8.0_112/jre/bin;F:/My Installed Programs/Program Files/Java/jdk1.8.0_112/jre/lib/amd64;C:\Windows\system32;C:\Windows;C:\Windows\System32\Wbem;C:\Windows\System32\WindowsPowerShell\v1.0\;C:\Program Files (x86)\NVIDIA Corporation\PhysX\Common;C:\Program Files\nodejs\;C:\WINDOWS\system32;C:\WINDOWS;C:\WINDOWS\System32\Wbem;C:\WINDOWS\System32\WindowsPowerShell\v1.0\;C:\Users\Saikat\AppData\Local\Microsoft\WindowsApps;C:\Users\Saikat\AppData\Roaming\npm;;C:\WINDOWS\System32;
USERNAME=Saikat
OS=Windows_NT
PROCESSOR_IDENTIFIER=Intel64 Family 6 Model 60 Stepping 3, GenuineIntel



---------------  S Y S T E M  ---------------

OS: Windows 10.0 , 64 bit Build 16299 (10.0.16299.15)

CPU:total 4 (4 cores per cpu, 1 threads per core) family 6 model 60 stepping 3, cmov, cx8, fxsr, mmx, sse, sse2, sse3, ssse3, sse4.1, sse4.2, popcnt, avx, avx2, aes, clmul, erms, lzcnt, tsc, tscinvbit, bmi1, bmi2

Memory: 4k page, physical 16687716k(10791736k free), swap 19178084k(12525876k free)

vm_info: Java HotSpot(TM) 64-Bit Server VM (25.112-b15) for windows-amd64 JRE (1.8.0_112-b15), built on Sep 22 2016 21:31:56 by "java_re" with MS VC++ 10.0 (VS2010)

time: Fri Feb 09 12:13:21 2018
elapsed time: 53 seconds (0d 0h 0m 53s)

